<?xml version="1.0" encoding="UTF-8"?>
<!DOCTYPE coverage SYSTEM "http://cobertura.sourceforge.net/xml/coverage-04.dtd">
<coverage line-rate="0.88382838283828" branch-rate="0" lines-covered="4017" lines-valid="4545" branches-covered="0" branches-valid="0" complexity="1409" version="0.4" timestamp="1711347764">
  <sources>
    <source>/app</source>
  </sources>
  <packages>
    <package name="app/Http/Controllers/Controller.php" line-rate="0" branch-rate="0" complexity="0">
      <classes>
        <class name="App\Http\Controllers\Controller" filename="app/Http/Controllers/Controller.php" line-rate="0" branch-rate="0" complexity="0">
          <methods/>
          <lines/>
        </class>
      </classes>
    </package>
    <package name="app/Models/User.php" line-rate="0" branch-rate="0" complexity="1">
      <classes>
        <class name="App\Models\User" filename="app/Models/User.php" line-rate="0" branch-rate="0" complexity="1">
          <methods>
            <method name="casts" signature="" line-rate="0" branch-rate="0" complexity="1">
              <lines>
                <line number="42" hits="0"/>
                <line number="43" hits="0"/>
                <line number="44" hits="0"/>
                <line number="45" hits="0"/>
              </lines>
            </method>
          </methods>
          <lines>
            <line number="42" hits="0"/>
            <line number="43" hits="0"/>
            <line number="44" hits="0"/>
            <line number="45" hits="0"/>
          </lines>
        </class>
      </classes>
    </package>
    <package name="app/Providers/AppServiceProvider.php" line-rate="1" branch-rate="0" complexity="2">
      <classes>
        <class name="App\Providers\AppServiceProvider" filename="app/Providers/AppServiceProvider.php" line-rate="1" branch-rate="0" complexity="2">
          <methods>
            <method name="register" signature="" line-rate="1" branch-rate="0" complexity="1">
              <lines>
                <line number="14" hits="1"/>
              </lines>
            </method>
            <method name="boot" signature="" line-rate="1" branch-rate="0" complexity="1">
              <lines>
                <line number="22" hits="1"/>
              </lines>
            </method>
          </methods>
          <lines>
            <line number="14" hits="1"/>
            <line number="22" hits="1"/>
          </lines>
        </class>
      </classes>
    </package>
    <package name="vendor/gammamatrix/playground-auth/src/Can.php" line-rate="0.50285714285714" branch-rate="0" complexity="97">
      <classes>
        <class name="Playground\Auth\Can" filename="vendor/gammamatrix/playground-auth/src/Can.php" line-rate="0.50285714285714" branch-rate="0" complexity="97">
          <methods>
            <method name="matches" signature="?Illuminate\Contracts\Auth\Authenticatable $user" line-rate="0.77777777777778" branch-rate="0" complexity="8">
              <lines>
                <line number="68" hits="19"/>
                <line number="69" hits="1"/>
                <line number="72" hits="18"/>
                <line number="73" hits="0"/>
                <line number="76" hits="18"/>
                <line number="77" hits="0"/>
                <line number="80" hits="18"/>
                <line number="81" hits="18"/>
                <line number="83" hits="18"/>
              </lines>
            </method>
            <method name="init" signature="?Illuminate\Contracts\Auth\Authenticatable $user" line-rate="0.97058823529412" branch-rate="0" complexity="14">
              <lines>
                <line number="88" hits="19"/>
                <line number="89" hits="0"/>
                <line number="92" hits="19"/>
                <line number="93" hits="19"/>
                <line number="96" hits="19"/>
                <line number="97" hits="19"/>
                <line number="98" hits="19"/>
                <line number="100" hits="19"/>
                <line number="101" hits="19"/>
                <line number="103" hits="19"/>
                <line number="105" hits="19"/>
                <line number="106" hits="19"/>
                <line number="107" hits="19"/>
                <line number="109" hits="19"/>
                <line number="112" hits="19"/>
                <line number="113" hits="19"/>
                <line number="114" hits="19"/>
                <line number="115" hits="19"/>
                <line number="116" hits="19"/>
                <line number="117" hits="19"/>
                <line number="119" hits="19"/>
                <line number="120" hits="19"/>
                <line number="121" hits="19"/>
                <line number="123" hits="19"/>
                <line number="126" hits="19"/>
                <line number="127" hits="19"/>
                <line number="129" hits="19"/>
                <line number="130" hits="19"/>
                <line number="132" hits="19"/>
                <line number="134" hits="19"/>
                <line number="135" hits="19"/>
                <line number="137" hits="19"/>
                <line number="141" hits="19"/>
                <line number="143" hits="19"/>
              </lines>
            </method>
            <method name="reset" signature="?Illuminate\Contracts\Auth\Authenticatable $user" line-rate="0" branch-rate="0" complexity="1">
              <lines>
                <line number="148" hits="0"/>
                <line number="150" hits="0"/>
                <line number="152" hits="0"/>
              </lines>
            </method>
            <method name="isGuest" signature="?Illuminate\Contracts\Auth\Authenticatable $user" line-rate="0.83333333333333" branch-rate="0" complexity="4">
              <lines>
                <line number="157" hits="19"/>
                <line number="159" hits="19"/>
                <line number="160" hits="19"/>
                <line number="161" hits="19"/>
                <line number="163" hits="0"/>
                <line number="166" hits="19"/>
              </lines>
            </method>
            <method name="map" signature="array $privileges, ?Illuminate\Contracts\Auth\Authenticatable $user" line-rate="0" branch-rate="0" complexity="5">
              <lines>
                <line number="175" hits="0"/>
                <line number="177" hits="0"/>
                <line number="179" hits="0"/>
                <line number="181" hits="0"/>
                <line number="182" hits="0"/>
                <line number="183" hits="0"/>
                <line number="184" hits="0"/>
                <line number="186" hits="0"/>
                <line number="187" hits="0"/>
                <line number="188" hits="0"/>
                <line number="189" hits="0"/>
                <line number="190" hits="0"/>
                <line number="194" hits="0"/>
              </lines>
            </method>
            <method name="wildcards" signature="string $privilege" line-rate="0" branch-rate="0" complexity="10">
              <lines>
                <line number="202" hits="0"/>
                <line number="204" hits="0"/>
                <line number="205" hits="0"/>
                <line number="208" hits="0"/>
                <line number="210" hits="0"/>
                <line number="211" hits="0"/>
                <line number="214" hits="0"/>
                <line number="216" hits="0"/>
                <line number="218" hits="0"/>
                <line number="219" hits="0"/>
                <line number="222" hits="0"/>
                <line number="223" hits="0"/>
                <line number="224" hits="0"/>
                <line number="225" hits="0"/>
                <line number="226" hits="0"/>
                <line number="227" hits="0"/>
                <line number="229" hits="0"/>
                <line number="230" hits="0"/>
                <line number="232" hits="0"/>
                <line number="233" hits="0"/>
                <line number="238" hits="0"/>
              </lines>
            </method>
            <method name="access" signature="?Illuminate\Contracts\Auth\Authenticatable $user, array $options" line-rate="0.4320987654321" branch-rate="0" complexity="49">
              <lines>
                <line number="246" hits="19"/>
                <line number="248" hits="19"/>
                <line number="250" hits="19"/>
                <line number="252" hits="19"/>
                <line number="253" hits="1"/>
                <line number="256" hits="19"/>
                <line number="258" hits="1"/>
                <line number="259" hits="1"/>
                <line number="263" hits="18"/>
                <line number="265" hits="18"/>
                <line number="267" hits="18"/>
                <line number="268" hits="18"/>
                <line number="269" hits="18"/>
                <line number="275" hits="18"/>
                <line number="276" hits="18"/>
                <line number="277" hits="18"/>
                <line number="278" hits="18"/>
                <line number="279" hits="18"/>
                <line number="280" hits="18"/>
                <line number="282" hits="18"/>
                <line number="287" hits="18"/>
                <line number="289" hits="0"/>
                <line number="291" hits="0"/>
                <line number="294" hits="0"/>
                <line number="295" hits="0"/>
                <line number="298" hits="0"/>
                <line number="301" hits="0"/>
                <line number="303" hits="0"/>
                <line number="304" hits="0"/>
                <line number="305" hits="0"/>
                <line number="307" hits="0"/>
                <line number="309" hits="0"/>
                <line number="310" hits="0"/>
                <line number="311" hits="0"/>
                <line number="312" hits="0"/>
                <line number="318" hits="0"/>
                <line number="319" hits="0"/>
                <line number="323" hits="0"/>
                <line number="324" hits="0"/>
                <line number="326" hits="0"/>
                <line number="329" hits="0"/>
                <line number="330" hits="0"/>
                <line number="331" hits="0"/>
                <line number="332" hits="0"/>
                <line number="334" hits="0"/>
                <line number="339" hits="0"/>
                <line number="341" hits="18"/>
                <line number="342" hits="0"/>
                <line number="343" hits="0"/>
                <line number="345" hits="0"/>
                <line number="347" hits="0"/>
                <line number="349" hits="18"/>
                <line number="350" hits="0"/>
                <line number="351" hits="0"/>
                <line number="353" hits="0"/>
                <line number="355" hits="0"/>
                <line number="357" hits="18"/>
                <line number="358" hits="0"/>
                <line number="359" hits="0"/>
                <line number="361" hits="0"/>
                <line number="363" hits="0"/>
                <line number="365" hits="18"/>
                <line number="366" hits="18"/>
                <line number="367" hits="18"/>
                <line number="368" hits="18"/>
                <line number="369" hits="18"/>
                <line number="370" hits="18"/>
                <line number="371" hits="18"/>
                <line number="372" hits="18"/>
                <line number="376" hits="0"/>
                <line number="377" hits="0"/>
                <line number="378" hits="0"/>
                <line number="380" hits="0"/>
                <line number="386" hits="18"/>
                <line number="387" hits="18"/>
                <line number="390" hits="18"/>
                <line number="391" hits="0"/>
                <line number="392" hits="0"/>
                <line number="393" hits="0"/>
                <line number="396" hits="0"/>
                <line number="399" hits="0"/>
              </lines>
            </method>
            <method name="withPrivilege" signature="array $meta" line-rate="1" branch-rate="0" complexity="6">
              <lines>
                <line number="407" hits="13"/>
                <line number="408" hits="13"/>
                <line number="410" hits="13"/>
                <line number="411" hits="13"/>
                <line number="412" hits="13"/>
                <line number="413" hits="13"/>
                <line number="415" hits="12"/>
                <line number="418" hits="13"/>
              </lines>
            </method>
          </methods>
          <lines>
            <line number="68" hits="19"/>
            <line number="69" hits="1"/>
            <line number="72" hits="18"/>
            <line number="73" hits="0"/>
            <line number="76" hits="18"/>
            <line number="77" hits="0"/>
            <line number="80" hits="18"/>
            <line number="81" hits="18"/>
            <line number="83" hits="18"/>
            <line number="88" hits="19"/>
            <line number="89" hits="0"/>
            <line number="92" hits="19"/>
            <line number="93" hits="19"/>
            <line number="96" hits="19"/>
            <line number="97" hits="19"/>
            <line number="98" hits="19"/>
            <line number="100" hits="19"/>
            <line number="101" hits="19"/>
            <line number="103" hits="19"/>
            <line number="105" hits="19"/>
            <line number="106" hits="19"/>
            <line number="107" hits="19"/>
            <line number="109" hits="19"/>
            <line number="112" hits="19"/>
            <line number="113" hits="19"/>
            <line number="114" hits="19"/>
            <line number="115" hits="19"/>
            <line number="116" hits="19"/>
            <line number="117" hits="19"/>
            <line number="119" hits="19"/>
            <line number="120" hits="19"/>
            <line number="121" hits="19"/>
            <line number="123" hits="19"/>
            <line number="126" hits="19"/>
            <line number="127" hits="19"/>
            <line number="129" hits="19"/>
            <line number="130" hits="19"/>
            <line number="132" hits="19"/>
            <line number="134" hits="19"/>
            <line number="135" hits="19"/>
            <line number="137" hits="19"/>
            <line number="141" hits="19"/>
            <line number="143" hits="19"/>
            <line number="148" hits="0"/>
            <line number="150" hits="0"/>
            <line number="152" hits="0"/>
            <line number="157" hits="19"/>
            <line number="159" hits="19"/>
            <line number="160" hits="19"/>
            <line number="161" hits="19"/>
            <line number="163" hits="0"/>
            <line number="166" hits="19"/>
            <line number="175" hits="0"/>
            <line number="177" hits="0"/>
            <line number="179" hits="0"/>
            <line number="181" hits="0"/>
            <line number="182" hits="0"/>
            <line number="183" hits="0"/>
            <line number="184" hits="0"/>
            <line number="186" hits="0"/>
            <line number="187" hits="0"/>
            <line number="188" hits="0"/>
            <line number="189" hits="0"/>
            <line number="190" hits="0"/>
            <line number="194" hits="0"/>
            <line number="202" hits="0"/>
            <line number="204" hits="0"/>
            <line number="205" hits="0"/>
            <line number="208" hits="0"/>
            <line number="210" hits="0"/>
            <line number="211" hits="0"/>
            <line number="214" hits="0"/>
            <line number="216" hits="0"/>
            <line number="218" hits="0"/>
            <line number="219" hits="0"/>
            <line number="222" hits="0"/>
            <line number="223" hits="0"/>
            <line number="224" hits="0"/>
            <line number="225" hits="0"/>
            <line number="226" hits="0"/>
            <line number="227" hits="0"/>
            <line number="229" hits="0"/>
            <line number="230" hits="0"/>
            <line number="232" hits="0"/>
            <line number="233" hits="0"/>
            <line number="238" hits="0"/>
            <line number="246" hits="19"/>
            <line number="248" hits="19"/>
            <line number="250" hits="19"/>
            <line number="252" hits="19"/>
            <line number="253" hits="1"/>
            <line number="256" hits="19"/>
            <line number="258" hits="1"/>
            <line number="259" hits="1"/>
            <line number="263" hits="18"/>
            <line number="265" hits="18"/>
            <line number="267" hits="18"/>
            <line number="268" hits="18"/>
            <line number="269" hits="18"/>
            <line number="275" hits="18"/>
            <line number="276" hits="18"/>
            <line number="277" hits="18"/>
            <line number="278" hits="18"/>
            <line number="279" hits="18"/>
            <line number="280" hits="18"/>
            <line number="282" hits="18"/>
            <line number="287" hits="18"/>
            <line number="289" hits="0"/>
            <line number="291" hits="0"/>
            <line number="294" hits="0"/>
            <line number="295" hits="0"/>
            <line number="298" hits="0"/>
            <line number="301" hits="0"/>
            <line number="303" hits="0"/>
            <line number="304" hits="0"/>
            <line number="305" hits="0"/>
            <line number="307" hits="0"/>
            <line number="309" hits="0"/>
            <line number="310" hits="0"/>
            <line number="311" hits="0"/>
            <line number="312" hits="0"/>
            <line number="318" hits="0"/>
            <line number="319" hits="0"/>
            <line number="323" hits="0"/>
            <line number="324" hits="0"/>
            <line number="326" hits="0"/>
            <line number="329" hits="0"/>
            <line number="330" hits="0"/>
            <line number="331" hits="0"/>
            <line number="332" hits="0"/>
            <line number="334" hits="0"/>
            <line number="339" hits="0"/>
            <line number="341" hits="18"/>
            <line number="342" hits="0"/>
            <line number="343" hits="0"/>
            <line number="345" hits="0"/>
            <line number="347" hits="0"/>
            <line number="349" hits="18"/>
            <line number="350" hits="0"/>
            <line number="351" hits="0"/>
            <line number="353" hits="0"/>
            <line number="355" hits="0"/>
            <line number="357" hits="18"/>
            <line number="358" hits="0"/>
            <line number="359" hits="0"/>
            <line number="361" hits="0"/>
            <line number="363" hits="0"/>
            <line number="365" hits="18"/>
            <line number="366" hits="18"/>
            <line number="367" hits="18"/>
            <line number="368" hits="18"/>
            <line number="369" hits="18"/>
            <line number="370" hits="18"/>
            <line number="371" hits="18"/>
            <line number="372" hits="18"/>
            <line number="376" hits="0"/>
            <line number="377" hits="0"/>
            <line number="378" hits="0"/>
            <line number="380" hits="0"/>
            <line number="386" hits="18"/>
            <line number="387" hits="18"/>
            <line number="390" hits="18"/>
            <line number="391" hits="0"/>
            <line number="392" hits="0"/>
            <line number="393" hits="0"/>
            <line number="396" hits="0"/>
            <line number="399" hits="0"/>
            <line number="407" hits="13"/>
            <line number="408" hits="13"/>
            <line number="410" hits="13"/>
            <line number="411" hits="13"/>
            <line number="412" hits="13"/>
            <line number="413" hits="13"/>
            <line number="415" hits="12"/>
            <line number="418" hits="13"/>
          </lines>
        </class>
      </classes>
    </package>
    <package name="vendor/gammamatrix/playground-auth/src/Console/Commands/HashPassword.php" line-rate="0.9375" branch-rate="0" complexity="9">
      <classes>
        <class name="Playground\Auth\Console\Commands\HashPassword" filename="vendor/gammamatrix/playground-auth/src/Console/Commands/HashPassword.php" line-rate="0.9375" branch-rate="0" complexity="9">
          <methods>
            <method name="handle" signature="" line-rate="0.9375" branch-rate="0" complexity="9">
              <lines>
                <line number="44" hits="3"/>
                <line number="46" hits="3"/>
                <line number="47" hits="3"/>
                <line number="49" hits="0"/>
                <line number="52" hits="3"/>
                <line number="54" hits="3"/>
                <line number="55" hits="1"/>
                <line number="56" hits="1"/>
                <line number="59" hits="3"/>
                <line number="60" hits="1"/>
                <line number="61" hits="1"/>
                <line number="62" hits="1"/>
                <line number="63" hits="1"/>
                <line number="64" hits="1"/>
                <line number="65" hits="1"/>
                <line number="68" hits="2"/>
              </lines>
            </method>
          </methods>
          <lines>
            <line number="44" hits="3"/>
            <line number="46" hits="3"/>
            <line number="47" hits="3"/>
            <line number="49" hits="0"/>
            <line number="52" hits="3"/>
            <line number="54" hits="3"/>
            <line number="55" hits="1"/>
            <line number="56" hits="1"/>
            <line number="59" hits="3"/>
            <line number="60" hits="1"/>
            <line number="61" hits="1"/>
            <line number="62" hits="1"/>
            <line number="63" hits="1"/>
            <line number="64" hits="1"/>
            <line number="65" hits="1"/>
            <line number="68" hits="2"/>
          </lines>
        </class>
      </classes>
    </package>
    <package name="vendor/gammamatrix/playground-auth/src/Facades/Can.php" line-rate="1" branch-rate="0" complexity="1">
      <classes>
        <class name="Playground\Auth\Facades\Can" filename="vendor/gammamatrix/playground-auth/src/Facades/Can.php" line-rate="1" branch-rate="0" complexity="1">
          <methods>
            <method name="getFacadeAccessor" signature="" line-rate="1" branch-rate="0" complexity="1">
              <lines>
                <line number="31" hits="19"/>
              </lines>
            </method>
          </methods>
          <lines>
            <line number="31" hits="19"/>
          </lines>
        </class>
      </classes>
    </package>
    <package name="vendor/gammamatrix/playground-auth/src/Issuer.php" line-rate="0.61077844311377" branch-rate="0" complexity="80">
      <classes>
        <class name="Playground\Auth\Issuer" filename="vendor/gammamatrix/playground-auth/src/Issuer.php" line-rate="0.61077844311377" branch-rate="0" complexity="80">
          <methods>
            <method name="useSanctum" signature="" line-rate="0" branch-rate="0" complexity="1">
              <lines>
                <line number="71" hits="0"/>
              </lines>
            </method>
            <method name="compileAbilitiesByGroup" signature="string $group" line-rate="0.34782608695652" branch-rate="0" complexity="28">
              <lines>
                <line number="82" hits="2"/>
                <line number="84" hits="2"/>
                <line number="85" hits="2"/>
                <line number="86" hits="0"/>
                <line number="93" hits="2"/>
                <line number="98" hits="2"/>
                <line number="100" hits="2"/>
                <line number="102" hits="0"/>
                <line number="105" hits="2"/>
                <line number="106" hits="2"/>
                <line number="107" hits="2"/>
                <line number="108" hits="2"/>
                <line number="112" hits="2"/>
                <line number="113" hits="2"/>
                <line number="114" hits="2"/>
                <line number="115" hits="2"/>
                <line number="116" hits="0"/>
                <line number="117" hits="0"/>
                <line number="118" hits="0"/>
                <line number="119" hits="0"/>
                <line number="120" hits="0"/>
                <line number="121" hits="0"/>
                <line number="122" hits="0"/>
                <line number="123" hits="0"/>
                <line number="126" hits="0"/>
                <line number="128" hits="2"/>
                <line number="129" hits="0"/>
                <line number="130" hits="0"/>
                <line number="131" hits="0"/>
                <line number="132" hits="0"/>
                <line number="133" hits="0"/>
                <line number="134" hits="0"/>
                <line number="135" hits="0"/>
                <line number="136" hits="0"/>
                <line number="137" hits="0"/>
                <line number="140" hits="0"/>
                <line number="142" hits="0"/>
                <line number="143" hits="0"/>
                <line number="144" hits="0"/>
                <line number="146" hits="2"/>
                <line number="147" hits="2"/>
                <line number="148" hits="0"/>
                <line number="149" hits="0"/>
                <line number="150" hits="0"/>
                <line number="151" hits="0"/>
                <line number="152" hits="0"/>
                <line number="153" hits="0"/>
                <line number="154" hits="0"/>
                <line number="155" hits="0"/>
                <line number="158" hits="0"/>
                <line number="160" hits="2"/>
                <line number="161" hits="2"/>
                <line number="162" hits="2"/>
                <line number="164" hits="2"/>
                <line number="165" hits="2"/>
                <line number="167" hits="0"/>
                <line number="168" hits="0"/>
                <line number="169" hits="0"/>
                <line number="170" hits="0"/>
                <line number="171" hits="0"/>
                <line number="172" hits="0"/>
                <line number="173" hits="0"/>
                <line number="174" hits="0"/>
                <line number="175" hits="0"/>
                <line number="176" hits="0"/>
                <line number="180" hits="0"/>
                <line number="182" hits="2"/>
                <line number="183" hits="0"/>
                <line number="189" hits="2"/>
              </lines>
            </method>
            <method name="abilitiesByGroup" signature="string $group" line-rate="1" branch-rate="0" complexity="1">
              <lines>
                <line number="197" hits="2"/>
              </lines>
            </method>
            <method name="abilities" signature="Illuminate\Contracts\Auth\Authenticatable $user" line-rate="0.73684210526316" branch-rate="0" complexity="12">
              <lines>
                <line number="205" hits="2"/>
                <line number="207" hits="2"/>
                <line number="208" hits="0"/>
                <line number="209" hits="2"/>
                <line number="210" hits="0"/>
                <line number="211" hits="2"/>
                <line number="212" hits="0"/>
                <line number="213" hits="2"/>
                <line number="214" hits="0"/>
                <line number="215" hits="2"/>
                <line number="216" hits="0"/>
                <line number="217" hits="2"/>
                <line number="218" hits="2"/>
                <line number="221" hits="2"/>
                <line number="222" hits="2"/>
                <line number="224" hits="2"/>
                <line number="226" hits="2"/>
                <line number="230" hits="2"/>
                <line number="234" hits="2"/>
              </lines>
            </method>
            <method name="init" signature="Illuminate\Contracts\Auth\Authenticatable $user" line-rate="0.77272727272727" branch-rate="0" complexity="21">
              <lines>
                <line number="239" hits="8"/>
                <line number="240" hits="2"/>
                <line number="243" hits="8"/>
                <line number="244" hits="8"/>
                <line number="246" hits="8"/>
                <line number="247" hits="8"/>
                <line number="249" hits="0"/>
                <line number="252" hits="8"/>
                <line number="253" hits="2"/>
                <line number="261" hits="8"/>
                <line number="262" hits="3"/>
                <line number="263" hits="0"/>
                <line number="264" hits="0"/>
                <line number="266" hits="3"/>
                <line number="267" hits="3"/>
                <line number="268" hits="3"/>
                <line number="271" hits="5"/>
                <line number="272" hits="5"/>
                <line number="275" hits="8"/>
                <line number="276" hits="3"/>
                <line number="278" hits="5"/>
                <line number="281" hits="8"/>
                <line number="282" hits="3"/>
                <line number="284" hits="5"/>
                <line number="287" hits="8"/>
                <line number="288" hits="3"/>
                <line number="289" hits="3"/>
                <line number="290" hits="0"/>
                <line number="291" hits="0"/>
                <line number="292" hits="0"/>
                <line number="294" hits="0"/>
                <line number="295" hits="0"/>
                <line number="296" hits="0"/>
                <line number="297" hits="0"/>
                <line number="301" hits="5"/>
                <line number="302" hits="5"/>
                <line number="303" hits="5"/>
                <line number="304" hits="5"/>
                <line number="307" hits="8"/>
                <line number="308" hits="8"/>
                <line number="311" hits="8"/>
                <line number="312" hits="8"/>
                <line number="315" hits="8"/>
                <line number="317" hits="8"/>
              </lines>
            </method>
            <method name="listed" signature="Illuminate\Contracts\Auth\Authenticatable $user" line-rate="0.77777777777778" branch-rate="0" complexity="7">
              <lines>
                <line number="322" hits="8"/>
                <line number="323" hits="8"/>
                <line number="324" hits="8"/>
                <line number="325" hits="8"/>
                <line number="326" hits="0"/>
                <line number="330" hits="8"/>
                <line number="331" hits="8"/>
                <line number="332" hits="8"/>
                <line number="333" hits="0"/>
              </lines>
            </method>
            <method name="authorize" signature="Illuminate\Contracts\Auth\Authenticatable $user" line-rate="1" branch-rate="0" complexity="3">
              <lines>
                <line number="343" hits="8"/>
                <line number="345" hits="8"/>
                <line number="346" hits="2"/>
                <line number="348" hits="6"/>
                <line number="351" hits="8"/>
              </lines>
            </method>
            <method name="sanctum" signature="Illuminate\Contracts\Auth\Authenticatable $user" line-rate="0.89473684210526" branch-rate="0" complexity="7">
              <lines>
                <line number="362" hits="2"/>
                <line number="364" hits="2"/>
                <line number="366" hits="2"/>
                <line number="368" hits="2"/>
                <line number="369" hits="0"/>
                <line number="371" hits="0"/>
                <line number="374" hits="2"/>
                <line number="375" hits="2"/>
                <line number="376" hits="2"/>
                <line number="380" hits="2"/>
                <line number="381" hits="2"/>
                <line number="382" hits="2"/>
                <line number="385" hits="2"/>
                <line number="386" hits="2"/>
                <line number="387" hits="2"/>
                <line number="388" hits="2"/>
                <line number="389" hits="2"/>
                <line number="390" hits="2"/>
                <line number="393" hits="2"/>
              </lines>
            </method>
          </methods>
          <lines>
            <line number="71" hits="0"/>
            <line number="82" hits="2"/>
            <line number="84" hits="2"/>
            <line number="85" hits="2"/>
            <line number="86" hits="0"/>
            <line number="93" hits="2"/>
            <line number="98" hits="2"/>
            <line number="100" hits="2"/>
            <line number="102" hits="0"/>
            <line number="105" hits="2"/>
            <line number="106" hits="2"/>
            <line number="107" hits="2"/>
            <line number="108" hits="2"/>
            <line number="112" hits="2"/>
            <line number="113" hits="2"/>
            <line number="114" hits="2"/>
            <line number="115" hits="2"/>
            <line number="116" hits="0"/>
            <line number="117" hits="0"/>
            <line number="118" hits="0"/>
            <line number="119" hits="0"/>
            <line number="120" hits="0"/>
            <line number="121" hits="0"/>
            <line number="122" hits="0"/>
            <line number="123" hits="0"/>
            <line number="126" hits="0"/>
            <line number="128" hits="2"/>
            <line number="129" hits="0"/>
            <line number="130" hits="0"/>
            <line number="131" hits="0"/>
            <line number="132" hits="0"/>
            <line number="133" hits="0"/>
            <line number="134" hits="0"/>
            <line number="135" hits="0"/>
            <line number="136" hits="0"/>
            <line number="137" hits="0"/>
            <line number="140" hits="0"/>
            <line number="142" hits="0"/>
            <line number="143" hits="0"/>
            <line number="144" hits="0"/>
            <line number="146" hits="2"/>
            <line number="147" hits="2"/>
            <line number="148" hits="0"/>
            <line number="149" hits="0"/>
            <line number="150" hits="0"/>
            <line number="151" hits="0"/>
            <line number="152" hits="0"/>
            <line number="153" hits="0"/>
            <line number="154" hits="0"/>
            <line number="155" hits="0"/>
            <line number="158" hits="0"/>
            <line number="160" hits="2"/>
            <line number="161" hits="2"/>
            <line number="162" hits="2"/>
            <line number="164" hits="2"/>
            <line number="165" hits="2"/>
            <line number="167" hits="0"/>
            <line number="168" hits="0"/>
            <line number="169" hits="0"/>
            <line number="170" hits="0"/>
            <line number="171" hits="0"/>
            <line number="172" hits="0"/>
            <line number="173" hits="0"/>
            <line number="174" hits="0"/>
            <line number="175" hits="0"/>
            <line number="176" hits="0"/>
            <line number="180" hits="0"/>
            <line number="182" hits="2"/>
            <line number="183" hits="0"/>
            <line number="189" hits="2"/>
            <line number="197" hits="2"/>
            <line number="205" hits="2"/>
            <line number="207" hits="2"/>
            <line number="208" hits="0"/>
            <line number="209" hits="2"/>
            <line number="210" hits="0"/>
            <line number="211" hits="2"/>
            <line number="212" hits="0"/>
            <line number="213" hits="2"/>
            <line number="214" hits="0"/>
            <line number="215" hits="2"/>
            <line number="216" hits="0"/>
            <line number="217" hits="2"/>
            <line number="218" hits="2"/>
            <line number="221" hits="2"/>
            <line number="222" hits="2"/>
            <line number="224" hits="2"/>
            <line number="226" hits="2"/>
            <line number="230" hits="2"/>
            <line number="234" hits="2"/>
            <line number="239" hits="8"/>
            <line number="240" hits="2"/>
            <line number="243" hits="8"/>
            <line number="244" hits="8"/>
            <line number="246" hits="8"/>
            <line number="247" hits="8"/>
            <line number="249" hits="0"/>
            <line number="252" hits="8"/>
            <line number="253" hits="2"/>
            <line number="261" hits="8"/>
            <line number="262" hits="3"/>
            <line number="263" hits="0"/>
            <line number="264" hits="0"/>
            <line number="266" hits="3"/>
            <line number="267" hits="3"/>
            <line number="268" hits="3"/>
            <line number="271" hits="5"/>
            <line number="272" hits="5"/>
            <line number="275" hits="8"/>
            <line number="276" hits="3"/>
            <line number="278" hits="5"/>
            <line number="281" hits="8"/>
            <line number="282" hits="3"/>
            <line number="284" hits="5"/>
            <line number="287" hits="8"/>
            <line number="288" hits="3"/>
            <line number="289" hits="3"/>
            <line number="290" hits="0"/>
            <line number="291" hits="0"/>
            <line number="292" hits="0"/>
            <line number="294" hits="0"/>
            <line number="295" hits="0"/>
            <line number="296" hits="0"/>
            <line number="297" hits="0"/>
            <line number="301" hits="5"/>
            <line number="302" hits="5"/>
            <line number="303" hits="5"/>
            <line number="304" hits="5"/>
            <line number="307" hits="8"/>
            <line number="308" hits="8"/>
            <line number="311" hits="8"/>
            <line number="312" hits="8"/>
            <line number="315" hits="8"/>
            <line number="317" hits="8"/>
            <line number="322" hits="8"/>
            <line number="323" hits="8"/>
            <line number="324" hits="8"/>
            <line number="325" hits="8"/>
            <line number="326" hits="0"/>
            <line number="330" hits="8"/>
            <line number="331" hits="8"/>
            <line number="332" hits="8"/>
            <line number="333" hits="0"/>
            <line number="343" hits="8"/>
            <line number="345" hits="8"/>
            <line number="346" hits="2"/>
            <line number="348" hits="6"/>
            <line number="351" hits="8"/>
            <line number="362" hits="2"/>
            <line number="364" hits="2"/>
            <line number="366" hits="2"/>
            <line number="368" hits="2"/>
            <line number="369" hits="0"/>
            <line number="371" hits="0"/>
            <line number="374" hits="2"/>
            <line number="375" hits="2"/>
            <line number="376" hits="2"/>
            <line number="380" hits="2"/>
            <line number="381" hits="2"/>
            <line number="382" hits="2"/>
            <line number="385" hits="2"/>
            <line number="386" hits="2"/>
            <line number="387" hits="2"/>
            <line number="388" hits="2"/>
            <line number="389" hits="2"/>
            <line number="390" hits="2"/>
            <line number="393" hits="2"/>
          </lines>
        </class>
      </classes>
    </package>
    <package name="vendor/gammamatrix/playground-auth/src/Permission.php" line-rate="1" branch-rate="0" complexity="5">
      <classes>
        <class name="Playground\Auth\Permission" filename="vendor/gammamatrix/playground-auth/src/Permission.php" line-rate="1" branch-rate="0" complexity="5">
          <methods>
            <method name="__construct" signature="string $verify" line-rate="1" branch-rate="0" complexity="1">
              <lines>
                <line number="24" hits="19"/>
              </lines>
            </method>
            <method name="markAllowed" signature="" line-rate="1" branch-rate="0" complexity="1">
              <lines>
                <line number="29" hits="18"/>
                <line number="31" hits="18"/>
              </lines>
            </method>
            <method name="markIsGuest" signature="" line-rate="1" branch-rate="0" complexity="1">
              <lines>
                <line number="36" hits="1"/>
                <line number="38" hits="1"/>
              </lines>
            </method>
            <method name="allowed" signature="" line-rate="1" branch-rate="0" complexity="1">
              <lines>
                <line number="43" hits="19"/>
              </lines>
            </method>
            <method name="isGuest" signature="" line-rate="1" branch-rate="0" complexity="1">
              <lines>
                <line number="48" hits="19"/>
              </lines>
            </method>
          </methods>
          <lines>
            <line number="24" hits="19"/>
            <line number="29" hits="18"/>
            <line number="31" hits="18"/>
            <line number="36" hits="1"/>
            <line number="38" hits="1"/>
            <line number="43" hits="19"/>
            <line number="48" hits="19"/>
          </lines>
        </class>
      </classes>
    </package>
    <package name="vendor/gammamatrix/playground-auth/src/Policies/Contracts/Role.php" line-rate="0" branch-rate="0" complexity="0">
      <classes/>
    </package>
    <package name="vendor/gammamatrix/playground-auth/src/Policies/ModelPolicy.php" line-rate="1" branch-rate="0" complexity="13">
      <classes>
        <class name="Playground\Auth\Policies\ModelPolicy" filename="vendor/gammamatrix/playground-auth/src/Policies/ModelPolicy.php" line-rate="1" branch-rate="0" complexity="13">
          <methods>
            <method name="create" signature="Illuminate\Contracts\Auth\Authenticatable $user" line-rate="1" branch-rate="0" complexity="1">
              <lines>
                <line number="24" hits="17"/>
              </lines>
            </method>
            <method name="delete" signature="Illuminate\Contracts\Auth\Authenticatable $user, Illuminate\Database\Eloquent\Model $model" line-rate="1" branch-rate="0" complexity="2">
              <lines>
                <line number="38" hits="30"/>
                <line number="40" hits="1"/>
                <line number="41" hits="1"/>
                <line number="42" hits="1"/>
                <line number="43" hits="1"/>
                <line number="46" hits="29"/>
              </lines>
            </method>
            <method name="detail" signature="Illuminate\Contracts\Auth\Authenticatable $user, Illuminate\Database\Eloquent\Model $model" line-rate="1" branch-rate="0" complexity="1">
              <lines>
                <line number="54" hits="8"/>
              </lines>
            </method>
            <method name="edit" signature="Illuminate\Contracts\Auth\Authenticatable $user, Illuminate\Database\Eloquent\Model $model" line-rate="1" branch-rate="0" complexity="1">
              <lines>
                <line number="62" hits="17"/>
              </lines>
            </method>
            <method name="forceDelete" signature="Illuminate\Contracts\Auth\Authenticatable $user, Illuminate\Database\Eloquent\Model $model" line-rate="1" branch-rate="0" complexity="1">
              <lines>
                <line number="72" hits="2"/>
              </lines>
            </method>
            <method name="lock" signature="Illuminate\Contracts\Auth\Authenticatable $user, Illuminate\Database\Eloquent\Model $model" line-rate="1" branch-rate="0" complexity="1">
              <lines>
                <line number="80" hits="20"/>
              </lines>
            </method>
            <method name="manage" signature="Illuminate\Contracts\Auth\Authenticatable $user, Illuminate\Database\Eloquent\Model $model" line-rate="1" branch-rate="0" complexity="1">
              <lines>
                <line number="88" hits="2"/>
              </lines>
            </method>
            <method name="restore" signature="Illuminate\Contracts\Auth\Authenticatable $user, Illuminate\Database\Eloquent\Model $model" line-rate="1" branch-rate="0" complexity="1">
              <lines>
                <line number="96" hits="20"/>
              </lines>
            </method>
            <method name="store" signature="Illuminate\Contracts\Auth\Authenticatable $user" line-rate="1" branch-rate="0" complexity="1">
              <lines>
                <line number="104" hits="17"/>
              </lines>
            </method>
            <method name="update" signature="Illuminate\Contracts\Auth\Authenticatable $user, Illuminate\Database\Eloquent\Model $model" line-rate="1" branch-rate="0" complexity="2">
              <lines>
                <line number="114" hits="18"/>
                <line number="116" hits="1"/>
                <line number="117" hits="1"/>
                <line number="118" hits="1"/>
                <line number="121" hits="17"/>
              </lines>
            </method>
            <method name="unlock" signature="Illuminate\Contracts\Auth\Authenticatable $user, Illuminate\Database\Eloquent\Model $model" line-rate="1" branch-rate="0" complexity="1">
              <lines>
                <line number="129" hits="20"/>
              </lines>
            </method>
          </methods>
          <lines>
            <line number="24" hits="17"/>
            <line number="38" hits="30"/>
            <line number="40" hits="1"/>
            <line number="41" hits="1"/>
            <line number="42" hits="1"/>
            <line number="43" hits="1"/>
            <line number="46" hits="29"/>
            <line number="54" hits="8"/>
            <line number="62" hits="17"/>
            <line number="72" hits="2"/>
            <line number="80" hits="20"/>
            <line number="88" hits="2"/>
            <line number="96" hits="20"/>
            <line number="104" hits="17"/>
            <line number="114" hits="18"/>
            <line number="116" hits="1"/>
            <line number="117" hits="1"/>
            <line number="118" hits="1"/>
            <line number="121" hits="17"/>
            <line number="129" hits="20"/>
          </lines>
        </class>
      </classes>
    </package>
    <package name="vendor/gammamatrix/playground-auth/src/Policies/Policy.php" line-rate="1" branch-rate="0" complexity="7">
      <classes>
        <class name="Playground\Auth\Policies\Policy" filename="vendor/gammamatrix/playground-auth/src/Policies/Policy.php" line-rate="1" branch-rate="0" complexity="7">
          <methods>
            <method name="before" signature="Illuminate\Contracts\Auth\Authenticatable $user, $ability" line-rate="1" branch-rate="0" complexity="5">
              <lines>
                <line number="37" hits="187"/>
                <line number="38" hits="2"/>
                <line number="41" hits="187"/>
                <line number="42" hits="187"/>
                <line number="61" hits="187"/>
                <line number="62" hits="1"/>
                <line number="65" hits="186"/>
              </lines>
            </method>
            <method name="index" signature="Illuminate\Contracts\Auth\Authenticatable $user" line-rate="1" branch-rate="0" complexity="1">
              <lines>
                <line number="94" hits="16"/>
              </lines>
            </method>
            <method name="view" signature="Illuminate\Contracts\Auth\Authenticatable $user" line-rate="1" branch-rate="0" complexity="1">
              <lines>
                <line number="105" hits="3"/>
              </lines>
            </method>
          </methods>
          <lines>
            <line number="37" hits="187"/>
            <line number="38" hits="2"/>
            <line number="41" hits="187"/>
            <line number="42" hits="187"/>
            <line number="61" hits="187"/>
            <line number="62" hits="1"/>
            <line number="65" hits="186"/>
            <line number="94" hits="16"/>
            <line number="105" hits="3"/>
          </lines>
        </class>
      </classes>
    </package>
    <package name="vendor/gammamatrix/playground-auth/src/Policies/PolicyTrait.php" line-rate="0.95652173913043" branch-rate="0" complexity="13">
      <classes>
        <class name="Playground\Auth\Policies\PolicyTrait" filename="vendor/gammamatrix/playground-auth/src/Policies/PolicyTrait.php" line-rate="0.95652173913043" branch-rate="0" complexity="13">
          <methods>
            <method name="getEntity" signature="" line-rate="1" branch-rate="0" complexity="1">
              <lines>
                <line number="38" hits="7"/>
              </lines>
            </method>
            <method name="getPackage" signature="" line-rate="1" branch-rate="0" complexity="1">
              <lines>
                <line number="43" hits="7"/>
              </lines>
            </method>
            <method name="hasToken" signature="" line-rate="1" branch-rate="0" complexity="1">
              <lines>
                <line number="48" hits="2"/>
              </lines>
            </method>
            <method name="getToken" signature="" line-rate="1" branch-rate="0" complexity="1">
              <lines>
                <line number="53" hits="1"/>
              </lines>
            </method>
            <method name="setToken" signature="Laravel\Sanctum\PersonalAccessToken $token" line-rate="1" branch-rate="0" complexity="1">
              <lines>
                <line number="58" hits="1"/>
                <line number="60" hits="1"/>
              </lines>
            </method>
            <method name="verify" signature="Illuminate\Contracts\Auth\Authenticatable $user, string $ability" line-rate="0.94117647058824" branch-rate="0" complexity="8">
              <lines>
                <line number="65" hits="218"/>
                <line number="66" hits="218"/>
                <line number="67" hits="1"/>
                <line number="68" hits="217"/>
                <line number="69" hits="213"/>
                <line number="70" hits="4"/>
                <line number="71" hits="0"/>
                <line number="72" hits="4"/>
                <line number="74" hits="1"/>
                <line number="77" hits="3"/>
                <line number="78" hits="1"/>
                <line number="79" hits="1"/>
                <line number="80" hits="1"/>
                <line number="81" hits="1"/>
                <line number="82" hits="1"/>
                <line number="83" hits="1"/>
                <line number="86" hits="3"/>
              </lines>
            </method>
          </methods>
          <lines>
            <line number="38" hits="7"/>
            <line number="43" hits="7"/>
            <line number="48" hits="2"/>
            <line number="53" hits="1"/>
            <line number="58" hits="1"/>
            <line number="60" hits="1"/>
            <line number="65" hits="218"/>
            <line number="66" hits="218"/>
            <line number="67" hits="1"/>
            <line number="68" hits="217"/>
            <line number="69" hits="213"/>
            <line number="70" hits="4"/>
            <line number="71" hits="0"/>
            <line number="72" hits="4"/>
            <line number="74" hits="1"/>
            <line number="77" hits="3"/>
            <line number="78" hits="1"/>
            <line number="79" hits="1"/>
            <line number="80" hits="1"/>
            <line number="81" hits="1"/>
            <line number="82" hits="1"/>
            <line number="83" hits="1"/>
            <line number="86" hits="3"/>
          </lines>
        </class>
      </classes>
    </package>
    <package name="vendor/gammamatrix/playground-auth/src/Policies/PrivilegeTrait.php" line-rate="0.47761194029851" branch-rate="0" complexity="38">
      <classes>
        <class name="Playground\Auth\Policies\PrivilegeTrait" filename="vendor/gammamatrix/playground-auth/src/Policies/PrivilegeTrait.php" line-rate="0.47761194029851" branch-rate="0" complexity="38">
          <methods>
            <method name="privilege" signature="string $ability" line-rate="1" branch-rate="0" complexity="6">
              <lines>
                <line number="33" hits="6"/>
                <line number="34" hits="6"/>
                <line number="35" hits="3"/>
                <line number="38" hits="6"/>
                <line number="39" hits="3"/>
                <line number="40" hits="3"/>
                <line number="42" hits="3"/>
                <line number="45" hits="6"/>
                <line number="46" hits="6"/>
                <line number="47" hits="3"/>
                <line number="49" hits="6"/>
                <line number="52" hits="6"/>
              </lines>
            </method>
            <method name="hasPrivilegeWildcard" signature="string $privilege" line-rate="0" branch-rate="0" complexity="5">
              <lines>
                <line number="57" hits="0"/>
                <line number="58" hits="0"/>
                <line number="59" hits="0"/>
                <line number="61" hits="0"/>
                <line number="62" hits="0"/>
                <line number="63" hits="0"/>
                <line number="64" hits="0"/>
                <line number="66" hits="0"/>
                <line number="67" hits="0"/>
                <line number="68" hits="0"/>
                <line number="72" hits="0"/>
              </lines>
            </method>
            <method name="hasPrivilege" signature="Illuminate\Contracts\Auth\Authenticatable $user, string $privilege" line-rate="0.92307692307692" branch-rate="0" complexity="11">
              <lines>
                <line number="77" hits="5"/>
                <line number="78" hits="1"/>
                <line number="81" hits="4"/>
                <line number="83" hits="1"/>
                <line number="84" hits="1"/>
                <line number="86" hits="0"/>
                <line number="90" hits="3"/>
                <line number="91" hits="1"/>
                <line number="94" hits="2"/>
                <line number="95" hits="1"/>
                <line number="96" hits="1"/>
                <line number="97" hits="1"/>
                <line number="101" hits="1"/>
              </lines>
            </method>
            <method name="hasPrivilegeSanctum" signature="Illuminate\Contracts\Auth\Authenticatable $user, string $privilege" line-rate="0.25806451612903" branch-rate="0" complexity="16">
              <lines>
                <line number="106" hits="1"/>
                <line number="107" hits="0"/>
                <line number="108" hits="0"/>
                <line number="109" hits="0"/>
                <line number="110" hits="0"/>
                <line number="111" hits="0"/>
                <line number="113" hits="0"/>
                <line number="116" hits="1"/>
                <line number="117" hits="0"/>
                <line number="120" hits="1"/>
                <line number="125" hits="1"/>
                <line number="126" hits="1"/>
                <line number="127" hits="0"/>
                <line number="128" hits="0"/>
                <line number="132" hits="1"/>
                <line number="133" hits="0"/>
                <line number="134" hits="0"/>
                <line number="135" hits="0"/>
                <line number="136" hits="0"/>
                <line number="137" hits="0"/>
                <line number="139" hits="0"/>
                <line number="140" hits="0"/>
                <line number="141" hits="0"/>
                <line number="145" hits="1"/>
                <line number="146" hits="1"/>
                <line number="150" hits="0"/>
                <line number="151" hits="0"/>
                <line number="154" hits="0"/>
                <line number="156" hits="0"/>
                <line number="157" hits="0"/>
                <line number="160" hits="0"/>
              </lines>
            </method>
          </methods>
          <lines>
            <line number="33" hits="6"/>
            <line number="34" hits="6"/>
            <line number="35" hits="3"/>
            <line number="38" hits="6"/>
            <line number="39" hits="3"/>
            <line number="40" hits="3"/>
            <line number="42" hits="3"/>
            <line number="45" hits="6"/>
            <line number="46" hits="6"/>
            <line number="47" hits="3"/>
            <line number="49" hits="6"/>
            <line number="52" hits="6"/>
            <line number="57" hits="0"/>
            <line number="58" hits="0"/>
            <line number="59" hits="0"/>
            <line number="61" hits="0"/>
            <line number="62" hits="0"/>
            <line number="63" hits="0"/>
            <line number="64" hits="0"/>
            <line number="66" hits="0"/>
            <line number="67" hits="0"/>
            <line number="68" hits="0"/>
            <line number="72" hits="0"/>
            <line number="77" hits="5"/>
            <line number="78" hits="1"/>
            <line number="81" hits="4"/>
            <line number="83" hits="1"/>
            <line number="84" hits="1"/>
            <line number="86" hits="0"/>
            <line number="90" hits="3"/>
            <line number="91" hits="1"/>
            <line number="94" hits="2"/>
            <line number="95" hits="1"/>
            <line number="96" hits="1"/>
            <line number="97" hits="1"/>
            <line number="101" hits="1"/>
            <line number="106" hits="1"/>
            <line number="107" hits="0"/>
            <line number="108" hits="0"/>
            <line number="109" hits="0"/>
            <line number="110" hits="0"/>
            <line number="111" hits="0"/>
            <line number="113" hits="0"/>
            <line number="116" hits="1"/>
            <line number="117" hits="0"/>
            <line number="120" hits="1"/>
            <line number="125" hits="1"/>
            <line number="126" hits="1"/>
            <line number="127" hits="0"/>
            <line number="128" hits="0"/>
            <line number="132" hits="1"/>
            <line number="133" hits="0"/>
            <line number="134" hits="0"/>
            <line number="135" hits="0"/>
            <line number="136" hits="0"/>
            <line number="137" hits="0"/>
            <line number="139" hits="0"/>
            <line number="140" hits="0"/>
            <line number="141" hits="0"/>
            <line number="145" hits="1"/>
            <line number="146" hits="1"/>
            <line number="150" hits="0"/>
            <line number="151" hits="0"/>
            <line number="154" hits="0"/>
            <line number="156" hits="0"/>
            <line number="157" hits="0"/>
            <line number="160" hits="0"/>
          </lines>
        </class>
      </classes>
    </package>
    <package name="vendor/gammamatrix/playground-auth/src/Policies/RoleTrait.php" line-rate="1" branch-rate="0" complexity="23">
      <classes>
        <class name="Playground\Auth\Policies\RoleTrait" filename="vendor/gammamatrix/playground-auth/src/Policies/RoleTrait.php" line-rate="1" branch-rate="0" complexity="23">
          <methods>
            <method name="getRolesForAdmin" signature="" line-rate="1" branch-rate="0" complexity="1">
              <lines>
                <line number="51" hits="105"/>
              </lines>
            </method>
            <method name="getRolesForAction" signature="" line-rate="1" branch-rate="0" complexity="1">
              <lines>
                <line number="61" hits="72"/>
              </lines>
            </method>
            <method name="isRoot" signature="Illuminate\Contracts\Auth\Authenticatable $user" line-rate="1" branch-rate="0" complexity="2">
              <lines>
                <line number="66" hits="187"/>
                <line number="68" hits="187"/>
                <line number="69" hits="187"/>
                <line number="72" hits="187"/>
              </lines>
            </method>
            <method name="getRolesToView" signature="" line-rate="1" branch-rate="0" complexity="1">
              <lines>
                <line number="82" hits="41"/>
              </lines>
            </method>
            <method name="hasRole" signature="Illuminate\Contracts\Auth\Authenticatable $user, string $ability" line-rate="1" branch-rate="0" complexity="18">
              <lines>
                <line number="87" hits="215"/>
                <line number="88" hits="215"/>
                <line number="89" hits="215"/>
                <line number="90" hits="215"/>
                <line number="91" hits="215"/>
                <line number="92" hits="215"/>
                <line number="93" hits="215"/>
                <line number="94" hits="40"/>
                <line number="95" hits="175"/>
                <line number="96" hits="175"/>
                <line number="97" hits="175"/>
                <line number="98" hits="175"/>
                <line number="99" hits="175"/>
                <line number="100" hits="175"/>
                <line number="101" hits="175"/>
                <line number="102" hits="71"/>
                <line number="103" hits="104"/>
                <line number="104" hits="104"/>
                <line number="105" hits="104"/>
                <line number="106" hits="104"/>
                <line number="107" hits="104"/>
                <line number="108" hits="104"/>
                <line number="109" hits="104"/>
                <line number="110" hits="103"/>
                <line number="112" hits="1"/>
                <line number="117" hits="215"/>
                <line number="119" hits="207"/>
                <line number="120" hits="207"/>
                <line number="121" hits="168"/>
                <line number="126" hits="47"/>
                <line number="128" hits="33"/>
                <line number="129" hits="33"/>
                <line number="130" hits="2"/>
                <line number="135" hits="45"/>
                <line number="136" hits="42"/>
                <line number="137" hits="42"/>
                <line number="138" hits="42"/>
                <line number="140" hits="1"/>
                <line number="141" hits="1"/>
                <line number="142" hits="1"/>
                <line number="148" hits="44"/>
              </lines>
            </method>
          </methods>
          <lines>
            <line number="51" hits="105"/>
            <line number="61" hits="72"/>
            <line number="66" hits="187"/>
            <line number="68" hits="187"/>
            <line number="69" hits="187"/>
            <line number="72" hits="187"/>
            <line number="82" hits="41"/>
            <line number="87" hits="215"/>
            <line number="88" hits="215"/>
            <line number="89" hits="215"/>
            <line number="90" hits="215"/>
            <line number="91" hits="215"/>
            <line number="92" hits="215"/>
            <line number="93" hits="215"/>
            <line number="94" hits="40"/>
            <line number="95" hits="175"/>
            <line number="96" hits="175"/>
            <line number="97" hits="175"/>
            <line number="98" hits="175"/>
            <line number="99" hits="175"/>
            <line number="100" hits="175"/>
            <line number="101" hits="175"/>
            <line number="102" hits="71"/>
            <line number="103" hits="104"/>
            <line number="104" hits="104"/>
            <line number="105" hits="104"/>
            <line number="106" hits="104"/>
            <line number="107" hits="104"/>
            <line number="108" hits="104"/>
            <line number="109" hits="104"/>
            <line number="110" hits="103"/>
            <line number="112" hits="1"/>
            <line number="117" hits="215"/>
            <line number="119" hits="207"/>
            <line number="120" hits="207"/>
            <line number="121" hits="168"/>
            <line number="126" hits="47"/>
            <line number="128" hits="33"/>
            <line number="129" hits="33"/>
            <line number="130" hits="2"/>
            <line number="135" hits="45"/>
            <line number="136" hits="42"/>
            <line number="137" hits="42"/>
            <line number="138" hits="42"/>
            <line number="140" hits="1"/>
            <line number="141" hits="1"/>
            <line number="142" hits="1"/>
            <line number="148" hits="44"/>
          </lines>
        </class>
      </classes>
    </package>
    <package name="vendor/gammamatrix/playground-auth/src/ServiceProvider.php" line-rate="0.96551724137931" branch-rate="0" complexity="56">
      <classes>
        <class name="Playground\Auth\ServiceProvider" filename="vendor/gammamatrix/playground-auth/src/ServiceProvider.php" line-rate="0.96551724137931" branch-rate="0" complexity="56">
          <methods>
            <method name="boot" signature="" line-rate="1" branch-rate="0" complexity="6">
              <lines>
                <line number="32" hits="659"/>
                <line number="34" hits="659"/>
                <line number="36" hits="659"/>
                <line number="37" hits="659"/>
                <line number="38" hits="659"/>
                <line number="39" hits="659"/>
                <line number="40" hits="659"/>
                <line number="43" hits="659"/>
                <line number="44" hits="659"/>
                <line number="45" hits="659"/>
                <line number="46" hits="659"/>
                <line number="47" hits="659"/>
                <line number="51" hits="659"/>
                <line number="52" hits="659"/>
                <line number="53" hits="659"/>
                <line number="57" hits="659"/>
              </lines>
            </method>
            <method name="register" signature="" line-rate="1" branch-rate="0" complexity="1">
              <lines>
                <line number="65" hits="659"/>
                <line number="66" hits="659"/>
                <line number="67" hits="659"/>
                <line number="68" hits="659"/>
                <line number="70" hits="659"/>
                <line number="71" hits="19"/>
                <line number="72" hits="659"/>
              </lines>
            </method>
            <method name="about" signature="" line-rate="0.95238095238095" branch-rate="0" complexity="48">
              <lines>
                <line number="77" hits="659"/>
                <line number="78" hits="659"/>
                <line number="80" hits="659"/>
                <line number="81" hits="659"/>
                <line number="83" hits="659"/>
                <line number="84" hits="659"/>
                <line number="85" hits="1"/>
                <line number="88" hits="659"/>
                <line number="89" hits="659"/>
                <line number="90" hits="1"/>
                <line number="93" hits="659"/>
                <line number="94" hits="659"/>
                <line number="95" hits="659"/>
                <line number="96" hits="659"/>
                <line number="97" hits="659"/>
                <line number="98" hits="659"/>
                <line number="99" hits="659"/>
                <line number="100" hits="659"/>
                <line number="101" hits="659"/>
                <line number="102" hits="659"/>
                <line number="104" hits="659"/>
                <line number="106" hits="659"/>
                <line number="107" hits="659"/>
                <line number="108" hits="659"/>
                <line number="109" hits="659"/>
                <line number="113" hits="659"/>
                <line number="114" hits="659"/>
                <line number="115" hits="659"/>
                <line number="116" hits="0"/>
                <line number="120" hits="659"/>
                <line number="121" hits="659"/>
                <line number="122" hits="659"/>
                <line number="123" hits="0"/>
                <line number="127" hits="659"/>
                <line number="128" hits="659"/>
                <line number="129" hits="659"/>
                <line number="130" hits="0"/>
                <line number="134" hits="659"/>
                <line number="135" hits="659"/>
                <line number="136" hits="659"/>
                <line number="137" hits="659"/>
                <line number="142" hits="659"/>
                <line number="144" hits="659"/>
                <line number="145" hits="659"/>
                <line number="146" hits="659"/>
                <line number="148" hits="659"/>
                <line number="150" hits="659"/>
                <line number="152" hits="659"/>
                <line number="153" hits="659"/>
                <line number="154" hits="659"/>
                <line number="155" hits="659"/>
                <line number="156" hits="659"/>
                <line number="157" hits="659"/>
                <line number="158" hits="659"/>
                <line number="159" hits="659"/>
                <line number="161" hits="659"/>
                <line number="162" hits="659"/>
                <line number="163" hits="659"/>
                <line number="164" hits="659"/>
                <line number="165" hits="659"/>
                <line number="167" hits="659"/>
                <line number="168" hits="659"/>
                <line number="169" hits="659"/>
              </lines>
            </method>
            <method name="version" signature="" line-rate="1" branch-rate="0" complexity="1">
              <lines>
                <line number="174" hits="659"/>
              </lines>
            </method>
          </methods>
          <lines>
            <line number="32" hits="659"/>
            <line number="34" hits="659"/>
            <line number="36" hits="659"/>
            <line number="37" hits="659"/>
            <line number="38" hits="659"/>
            <line number="39" hits="659"/>
            <line number="40" hits="659"/>
            <line number="43" hits="659"/>
            <line number="44" hits="659"/>
            <line number="45" hits="659"/>
            <line number="46" hits="659"/>
            <line number="47" hits="659"/>
            <line number="51" hits="659"/>
            <line number="52" hits="659"/>
            <line number="53" hits="659"/>
            <line number="57" hits="659"/>
            <line number="65" hits="659"/>
            <line number="66" hits="659"/>
            <line number="67" hits="659"/>
            <line number="68" hits="659"/>
            <line number="70" hits="659"/>
            <line number="71" hits="19"/>
            <line number="72" hits="659"/>
            <line number="77" hits="659"/>
            <line number="78" hits="659"/>
            <line number="80" hits="659"/>
            <line number="81" hits="659"/>
            <line number="83" hits="659"/>
            <line number="84" hits="659"/>
            <line number="85" hits="1"/>
            <line number="88" hits="659"/>
            <line number="89" hits="659"/>
            <line number="90" hits="1"/>
            <line number="93" hits="659"/>
            <line number="94" hits="659"/>
            <line number="95" hits="659"/>
            <line number="96" hits="659"/>
            <line number="97" hits="659"/>
            <line number="98" hits="659"/>
            <line number="99" hits="659"/>
            <line number="100" hits="659"/>
            <line number="101" hits="659"/>
            <line number="102" hits="659"/>
            <line number="104" hits="659"/>
            <line number="106" hits="659"/>
            <line number="107" hits="659"/>
            <line number="108" hits="659"/>
            <line number="109" hits="659"/>
            <line number="113" hits="659"/>
            <line number="114" hits="659"/>
            <line number="115" hits="659"/>
            <line number="116" hits="0"/>
            <line number="120" hits="659"/>
            <line number="121" hits="659"/>
            <line number="122" hits="659"/>
            <line number="123" hits="0"/>
            <line number="127" hits="659"/>
            <line number="128" hits="659"/>
            <line number="129" hits="659"/>
            <line number="130" hits="0"/>
            <line number="134" hits="659"/>
            <line number="135" hits="659"/>
            <line number="136" hits="659"/>
            <line number="137" hits="659"/>
            <line number="142" hits="659"/>
            <line number="144" hits="659"/>
            <line number="145" hits="659"/>
            <line number="146" hits="659"/>
            <line number="148" hits="659"/>
            <line number="150" hits="659"/>
            <line number="152" hits="659"/>
            <line number="153" hits="659"/>
            <line number="154" hits="659"/>
            <line number="155" hits="659"/>
            <line number="156" hits="659"/>
            <line number="157" hits="659"/>
            <line number="158" hits="659"/>
            <line number="159" hits="659"/>
            <line number="161" hits="659"/>
            <line number="162" hits="659"/>
            <line number="163" hits="659"/>
            <line number="164" hits="659"/>
            <line number="165" hits="659"/>
            <line number="167" hits="659"/>
            <line number="168" hits="659"/>
            <line number="169" hits="659"/>
            <line number="174" hits="659"/>
          </lines>
        </class>
      </classes>
    </package>
    <package name="vendor/gammamatrix/playground-blade/src/Assets/Asset.php" line-rate="1" branch-rate="0" complexity="6">
      <classes>
        <class name="Playground\Blade\Assets\Asset" filename="vendor/gammamatrix/playground-blade/src/Assets/Asset.php" line-rate="1" branch-rate="0" complexity="6">
          <methods>
            <method name="__construct" signature="mixed $options" line-rate="1" branch-rate="0" complexity="2">
              <lines>
                <line number="20" hits="104"/>
                <line number="21" hits="104"/>
              </lines>
            </method>
            <method name="setOptions" signature="array $options" line-rate="1" branch-rate="0" complexity="3">
              <lines>
                <line number="30" hits="103"/>
                <line number="31" hits="103"/>
                <line number="33" hits="103"/>
                <line number="36" hits="103"/>
              </lines>
            </method>
            <method name="docs" signature="" line-rate="1" branch-rate="0" complexity="1">
              <lines>
                <line number="41" hits="4"/>
              </lines>
            </method>
          </methods>
          <lines>
            <line number="20" hits="104"/>
            <line number="21" hits="104"/>
            <line number="30" hits="103"/>
            <line number="31" hits="103"/>
            <line number="33" hits="103"/>
            <line number="36" hits="103"/>
            <line number="41" hits="4"/>
          </lines>
        </class>
      </classes>
    </package>
    <package name="vendor/gammamatrix/playground-blade/src/Assets/Comment.php" line-rate="0.875" branch-rate="0" complexity="6">
      <classes>
        <class name="Playground\Blade\Assets\Comment" filename="vendor/gammamatrix/playground-blade/src/Assets/Comment.php" line-rate="0.875" branch-rate="0" complexity="6">
          <methods>
            <method name="setOptions" signature="array $options" line-rate="1" branch-rate="0" complexity="3">
              <lines>
                <line number="22" hits="98"/>
                <line number="24" hits="98"/>
                <line number="25" hits="98"/>
                <line number="27" hits="98"/>
                <line number="30" hits="98"/>
              </lines>
            </method>
            <method name="always" signature="" line-rate="0" branch-rate="0" complexity="1">
              <lines>
                <line number="35" hits="0"/>
              </lines>
            </method>
            <method name="comment" signature="" line-rate="1" branch-rate="0" complexity="1">
              <lines>
                <line number="40" hits="1"/>
              </lines>
            </method>
            <method name="__toString" signature="" line-rate="1" branch-rate="0" complexity="1">
              <lines>
                <line number="45" hits="1"/>
              </lines>
            </method>
          </methods>
          <lines>
            <line number="22" hits="98"/>
            <line number="24" hits="98"/>
            <line number="25" hits="98"/>
            <line number="27" hits="98"/>
            <line number="30" hits="98"/>
            <line number="35" hits="0"/>
            <line number="40" hits="1"/>
            <line number="45" hits="1"/>
          </lines>
        </class>
      </classes>
    </package>
    <package name="vendor/gammamatrix/playground-blade/src/Assets/Contracts/Comment.php" line-rate="0" branch-rate="0" complexity="0">
      <classes/>
    </package>
    <package name="vendor/gammamatrix/playground-blade/src/Assets/Contracts/Icon.php" line-rate="0" branch-rate="0" complexity="0">
      <classes/>
    </package>
    <package name="vendor/gammamatrix/playground-blade/src/Assets/Contracts/Link.php" line-rate="0" branch-rate="0" complexity="0">
      <classes/>
    </package>
    <package name="vendor/gammamatrix/playground-blade/src/Assets/Contracts/Script.php" line-rate="0" branch-rate="0" complexity="0">
      <classes/>
    </package>
    <package name="vendor/gammamatrix/playground-blade/src/Assets/Contracts/Style.php" line-rate="0" branch-rate="0" complexity="0">
      <classes/>
    </package>
    <package name="vendor/gammamatrix/playground-blade/src/Assets/Contracts/Stylesheet.php" line-rate="0" branch-rate="0" complexity="0">
      <classes/>
    </package>
    <package name="vendor/gammamatrix/playground-blade/src/Assets/Font.php" line-rate="1" branch-rate="0" complexity="5">
      <classes>
        <class name="Playground\Blade\Assets\Font" filename="vendor/gammamatrix/playground-blade/src/Assets/Font.php" line-rate="1" branch-rate="0" complexity="5">
          <methods>
            <method name="__toString" signature="" line-rate="1" branch-rate="0" complexity="5">
              <lines>
                <line number="16" hits="92"/>
                <line number="17" hits="92"/>
                <line number="18" hits="92"/>
                <line number="19" hits="92"/>
                <line number="20" hits="92"/>
                <line number="21" hits="92"/>
                <line number="23" hits="92"/>
              </lines>
            </method>
          </methods>
          <lines>
            <line number="16" hits="92"/>
            <line number="17" hits="92"/>
            <line number="18" hits="92"/>
            <line number="19" hits="92"/>
            <line number="20" hits="92"/>
            <line number="21" hits="92"/>
            <line number="23" hits="92"/>
          </lines>
        </class>
      </classes>
    </package>
    <package name="vendor/gammamatrix/playground-blade/src/Assets/Icon.php" line-rate="0.92857142857143" branch-rate="0" complexity="10">
      <classes>
        <class name="Playground\Blade\Assets\Icon" filename="vendor/gammamatrix/playground-blade/src/Assets/Icon.php" line-rate="0.92857142857143" branch-rate="0" complexity="10">
          <methods>
            <method name="setOptions" signature="array $options" line-rate="0.8" branch-rate="0" complexity="3">
              <lines>
[...]
            <line number="40" hits="20"/>
            <line number="43" hits="20"/>
            <line number="44" hits="20"/>
            <line number="45" hits="20"/>
            <line number="46" hits="20"/>
            <line number="48" hits="17"/>
            <line number="51" hits="20"/>
            <line number="53" hits="2"/>
            <line number="54" hits="19"/>
            <line number="55" hits="19"/>
            <line number="58" hits="11"/>
            <line number="59" hits="17"/>
            <line number="61" hits="17"/>
            <line number="63" hits="17"/>
            <line number="64" hits="17"/>
            <line number="66" hits="1"/>
            <line number="68" hits="17"/>
            <line number="69" hits="1"/>
            <line number="70" hits="1"/>
            <line number="72" hits="16"/>
            <line number="73" hits="14"/>
            <line number="74" hits="2"/>
            <line number="76" hits="2"/>
            <line number="77" hits="2"/>
            <line number="78" hits="1"/>
            <line number="83" hits="17"/>
            <line number="84" hits="4"/>
            <line number="97" hits="21"/>
          </lines>
        </class>
      </classes>
    </package>
    <package name="vendor/gammamatrix/playground/src/Models/Scopes/ScopeFilterTrash.php" line-rate="1" branch-rate="0" complexity="7">
      <classes>
        <class name="Playground\Models\Scopes\ScopeFilterTrash" filename="vendor/gammamatrix/playground/src/Models/Scopes/ScopeFilterTrash.php" line-rate="1" branch-rate="0" complexity="7">
          <methods>
            <method name="scopeFilterTrash" signature="Illuminate\Database\Eloquent\Builder $query, string $visibility" line-rate="1" branch-rate="0" complexity="7">
              <lines>
                <line number="20" hits="15"/>
                <line number="21" hits="15"/>
                <line number="23" hits="1"/>
                <line number="24" hits="14"/>
                <line number="25" hits="14"/>
                <line number="27" hits="1"/>
                <line number="30" hits="15"/>
              </lines>
            </method>
          </methods>
          <lines>
            <line number="20" hits="15"/>
            <line number="21" hits="15"/>
            <line number="23" hits="1"/>
            <line number="24" hits="14"/>
            <line number="25" hits="14"/>
            <line number="27" hits="1"/>
            <line number="30" hits="15"/>
          </lines>
        </class>
      </classes>
    </package>
    <package name="vendor/gammamatrix/playground/src/Models/Scopes/ScopeSort.php" line-rate="1" branch-rate="0" complexity="16">
      <classes>
        <class name="Playground\Models\Scopes\ScopeSort" filename="vendor/gammamatrix/playground/src/Models/Scopes/ScopeSort.php" line-rate="1" branch-rate="0" complexity="16">
          <methods>
            <method name="scopeSort" signature="Illuminate\Database\Eloquent\Builder $query, mixed $sort" line-rate="1" branch-rate="0" complexity="16">
              <lines>
                <line number="20" hits="35"/>
                <line number="21" hits="25"/>
                <line number="24" hits="10"/>
                <line number="26" hits="10"/>
                <line number="28" hits="10"/>
                <line number="29" hits="2"/>
                <line number="32" hits="10"/>
                <line number="33" hits="10"/>
                <line number="34" hits="10"/>
                <line number="35" hits="10"/>
                <line number="36" hits="2"/>
                <line number="37" hits="2"/>
                <line number="38" hits="8"/>
                <line number="39" hits="2"/>
                <line number="40" hits="2"/>
                <line number="41" hits="6"/>
                <line number="42" hits="4"/>
                <line number="43" hits="4"/>
                <line number="45" hits="2"/>
                <line number="46" hits="2"/>
                <line number="47" hits="2"/>
                <line number="49" hits="2"/>
                <line number="53" hits="10"/>
                <line number="54" hits="10"/>
                <line number="55" hits="10"/>
                <line number="57" hits="10"/>
                <line number="58" hits="10"/>
                <line number="63" hits="10"/>
              </lines>
            </method>
          </methods>
          <lines>
            <line number="20" hits="35"/>
            <line number="21" hits="25"/>
            <line number="24" hits="10"/>
            <line number="26" hits="10"/>
            <line number="28" hits="10"/>
            <line number="29" hits="2"/>
            <line number="32" hits="10"/>
            <line number="33" hits="10"/>
            <line number="34" hits="10"/>
            <line number="35" hits="10"/>
            <line number="36" hits="2"/>
            <line number="37" hits="2"/>
            <line number="38" hits="8"/>
            <line number="39" hits="2"/>
            <line number="40" hits="2"/>
            <line number="41" hits="6"/>
            <line number="42" hits="4"/>
            <line number="43" hits="4"/>
            <line number="45" hits="2"/>
            <line number="46" hits="2"/>
            <line number="47" hits="2"/>
            <line number="49" hits="2"/>
            <line number="53" hits="10"/>
            <line number="54" hits="10"/>
            <line number="55" hits="10"/>
            <line number="57" hits="10"/>
            <line number="58" hits="10"/>
            <line number="63" hits="10"/>
          </lines>
        </class>
      </classes>
    </package>
    <package name="vendor/gammamatrix/playground/src/Models/User.php" line-rate="1" branch-rate="0" complexity="1">
      <classes>
        <class name="Playground\Models\User" filename="vendor/gammamatrix/playground/src/Models/User.php" line-rate="1" branch-rate="0" complexity="1">
          <methods>
            <method name="casts" signature="" line-rate="1" branch-rate="0" complexity="1">
              <lines>
                <line number="284" hits="328"/>
                <line number="285" hits="328"/>
                <line number="286" hits="328"/>
                <line number="287" hits="328"/>
                <line number="288" hits="328"/>
                <line number="289" hits="328"/>
                <line number="290" hits="328"/>
                <line number="291" hits="328"/>
                <line number="292" hits="328"/>
                <line number="293" hits="328"/>
                <line number="294" hits="328"/>
                <line number="295" hits="328"/>
                <line number="296" hits="328"/>
                <line number="297" hits="328"/>
                <line number="299" hits="328"/>
                <line number="300" hits="328"/>
                <line number="301" hits="328"/>
                <line number="302" hits="328"/>
                <line number="303" hits="328"/>
                <line number="304" hits="328"/>
                <line number="305" hits="328"/>
                <line number="306" hits="328"/>
                <line number="307" hits="328"/>
                <line number="308" hits="328"/>
                <line number="309" hits="328"/>
                <line number="311" hits="328"/>
                <line number="312" hits="328"/>
                <line number="313" hits="328"/>
                <line number="314" hits="328"/>
                <line number="315" hits="328"/>
                <line number="316" hits="328"/>
                <line number="317" hits="328"/>
                <line number="318" hits="328"/>
                <line number="320" hits="328"/>
                <line number="321" hits="328"/>
                <line number="322" hits="328"/>
                <line number="323" hits="328"/>
                <line number="324" hits="328"/>
                <line number="325" hits="328"/>
                <line number="326" hits="328"/>
                <line number="327" hits="328"/>
                <line number="328" hits="328"/>
                <line number="330" hits="328"/>
                <line number="331" hits="328"/>
                <line number="332" hits="328"/>
                <line number="333" hits="328"/>
                <line number="334" hits="328"/>
                <line number="335" hits="328"/>
                <line number="336" hits="328"/>
                <line number="337" hits="328"/>
                <line number="338" hits="328"/>
                <line number="339" hits="328"/>
                <line number="340" hits="328"/>
                <line number="341" hits="328"/>
                <line number="342" hits="328"/>
              </lines>
            </method>
          </methods>
          <lines>
            <line number="284" hits="328"/>
            <line number="285" hits="328"/>
            <line number="286" hits="328"/>
            <line number="287" hits="328"/>
            <line number="288" hits="328"/>
            <line number="289" hits="328"/>
            <line number="290" hits="328"/>
            <line number="291" hits="328"/>
            <line number="292" hits="328"/>
            <line number="293" hits="328"/>
            <line number="294" hits="328"/>
            <line number="295" hits="328"/>
            <line number="296" hits="328"/>
            <line number="297" hits="328"/>
            <line number="299" hits="328"/>
            <line number="300" hits="328"/>
            <line number="301" hits="328"/>
            <line number="302" hits="328"/>
            <line number="303" hits="328"/>
            <line number="304" hits="328"/>
            <line number="305" hits="328"/>
            <line number="306" hits="328"/>
            <line number="307" hits="328"/>
            <line number="308" hits="328"/>
            <line number="309" hits="328"/>
            <line number="311" hits="328"/>
            <line number="312" hits="328"/>
            <line number="313" hits="328"/>
            <line number="314" hits="328"/>
            <line number="315" hits="328"/>
            <line number="316" hits="328"/>
            <line number="317" hits="328"/>
            <line number="318" hits="328"/>
            <line number="320" hits="328"/>
            <line number="321" hits="328"/>
            <line number="322" hits="328"/>
            <line number="323" hits="328"/>
            <line number="324" hits="328"/>
            <line number="325" hits="328"/>
            <line number="326" hits="328"/>
            <line number="327" hits="328"/>
            <line number="328" hits="328"/>
            <line number="330" hits="328"/>
            <line number="331" hits="328"/>
            <line number="332" hits="328"/>
            <line number="333" hits="328"/>
            <line number="334" hits="328"/>
            <line number="335" hits="328"/>
            <line number="336" hits="328"/>
            <line number="337" hits="328"/>
            <line number="338" hits="328"/>
            <line number="339" hits="328"/>
            <line number="340" hits="328"/>
            <line number="341" hits="328"/>
            <line number="342" hits="328"/>
          </lines>
        </class>
      </classes>
    </package>
    <package name="vendor/gammamatrix/playground/src/Models/UuidModel.php" line-rate="0" branch-rate="0" complexity="0">
      <classes>
        <class name="Playground\Models\UuidModel" filename="vendor/gammamatrix/playground/src/Models/UuidModel.php" line-rate="0" branch-rate="0" complexity="0">
          <methods/>
          <lines/>
        </class>
      </classes>
    </package>
    <package name="vendor/gammamatrix/playground/src/ServiceProvider.php" line-rate="1" branch-rate="0" complexity="37">
      <classes>
        <class name="Playground\ServiceProvider" filename="vendor/gammamatrix/playground/src/ServiceProvider.php" line-rate="1" branch-rate="0" complexity="37">
          <methods>
            <method name="boot" signature="" line-rate="1" branch-rate="0" complexity="3">
              <lines>
                <line number="26" hits="706"/>
                <line number="28" hits="706"/>
                <line number="30" hits="706"/>
                <line number="31" hits="706"/>
                <line number="32" hits="706"/>
                <line number="35" hits="706"/>
                <line number="36" hits="706"/>
              </lines>
            </method>
            <method name="about" signature="array $config" line-rate="1" branch-rate="0" complexity="24">
              <lines>
                <line number="45" hits="706"/>
                <line number="47" hits="706"/>
                <line number="52" hits="706"/>
                <line number="54" hits="706"/>
                <line number="55" hits="706"/>
                <line number="56" hits="706"/>
                <line number="58" hits="706"/>
                <line number="59" hits="706"/>
                <line number="60" hits="706"/>
                <line number="61" hits="706"/>
                <line number="62" hits="706"/>
                <line number="64" hits="706"/>
                <line number="65" hits="706"/>
                <line number="67" hits="706"/>
                <line number="68" hits="706"/>
                <line number="70" hits="706"/>
                <line number="71" hits="706"/>
                <line number="73" hits="706"/>
                <line number="74" hits="706"/>
                <line number="76" hits="706"/>
                <line number="77" hits="706"/>
                <line number="79" hits="706"/>
                <line number="80" hits="706"/>
                <line number="82" hits="706"/>
                <line number="83" hits="706"/>
                <line number="85" hits="706"/>
                <line number="87" hits="706"/>
                <line number="88" hits="706"/>
                <line number="89" hits="706"/>
                <line number="90" hits="706"/>
              </lines>
            </method>
            <method name="userPrimaryKeyType" signature="string $auth_providers_users_model" line-rate="1" branch-rate="0" complexity="4">
              <lines>
                <line number="99" hits="5"/>
                <line number="100" hits="1"/>
                <line number="103" hits="4"/>
                <line number="104" hits="1"/>
                <line number="105" hits="1"/>
                <line number="107" hits="1"/>
              </lines>
            </method>
            <method name="userPrimaryKeyTypeParse" signature="string $auth_providers_users_model" line-rate="1" branch-rate="0" complexity="4">
              <lines>
                <line number="156" hits="4"/>
                <line number="160" hits="4"/>
                <line number="162" hits="4"/>
                <line number="164" hits="4"/>
                <line number="165" hits="4"/>
                <line number="167" hits="4"/>
                <line number="168" hits="4"/>
                <line number="170" hits="4"/>
                <line number="172" hits="4"/>
                <line number="173" hits="4"/>
                <line number="175" hits="4"/>
                <line number="176" hits="4"/>
                <line number="178" hits="4"/>
                <line number="180" hits="4"/>
                <line number="181" hits="4"/>
                <line number="183" hits="4"/>
                <line number="184" hits="4"/>
                <line number="186" hits="4"/>
                <line number="187" hits="4"/>
                <line number="189" hits="4"/>
                <line number="190" hits="4"/>
                <line number="192" hits="4"/>
                <line number="194" hits="4"/>
                <line number="195" hits="4"/>
                <line number="197" hits="1"/>
                <line number="198" hits="3"/>
                <line number="199" hits="2"/>
                <line number="202" hits="3"/>
              </lines>
            </method>
            <method name="register" signature="" line-rate="1" branch-rate="0" complexity="1">
              <lines>
                <line number="207" hits="706"/>
                <line number="208" hits="706"/>
                <line number="209" hits="706"/>
                <line number="210" hits="706"/>
              </lines>
            </method>
            <method name="version" signature="" line-rate="1" branch-rate="0" complexity="1">
              <lines>
                <line number="215" hits="706"/>
              </lines>
            </method>
          </methods>
          <lines>
            <line number="26" hits="706"/>
            <line number="28" hits="706"/>
            <line number="30" hits="706"/>
            <line number="31" hits="706"/>
            <line number="32" hits="706"/>
            <line number="35" hits="706"/>
            <line number="36" hits="706"/>
            <line number="45" hits="706"/>
            <line number="47" hits="706"/>
            <line number="52" hits="706"/>
            <line number="54" hits="706"/>
            <line number="55" hits="706"/>
            <line number="56" hits="706"/>
            <line number="58" hits="706"/>
            <line number="59" hits="706"/>
            <line number="60" hits="706"/>
            <line number="61" hits="706"/>
            <line number="62" hits="706"/>
            <line number="64" hits="706"/>
            <line number="65" hits="706"/>
            <line number="67" hits="706"/>
            <line number="68" hits="706"/>
            <line number="70" hits="706"/>
            <line number="71" hits="706"/>
            <line number="73" hits="706"/>
            <line number="74" hits="706"/>
            <line number="76" hits="706"/>
            <line number="77" hits="706"/>
            <line number="79" hits="706"/>
            <line number="80" hits="706"/>
            <line number="82" hits="706"/>
            <line number="83" hits="706"/>
            <line number="85" hits="706"/>
            <line number="87" hits="706"/>
            <line number="88" hits="706"/>
            <line number="89" hits="706"/>
            <line number="90" hits="706"/>
            <line number="99" hits="5"/>
            <line number="100" hits="1"/>
            <line number="103" hits="4"/>
            <line number="104" hits="1"/>
            <line number="105" hits="1"/>
            <line number="107" hits="1"/>
            <line number="156" hits="4"/>
            <line number="160" hits="4"/>
            <line number="162" hits="4"/>
            <line number="164" hits="4"/>
            <line number="165" hits="4"/>
            <line number="167" hits="4"/>
            <line number="168" hits="4"/>
            <line number="170" hits="4"/>
            <line number="172" hits="4"/>
            <line number="173" hits="4"/>
            <line number="175" hits="4"/>
            <line number="176" hits="4"/>
            <line number="178" hits="4"/>
            <line number="180" hits="4"/>
            <line number="181" hits="4"/>
            <line number="183" hits="4"/>
            <line number="184" hits="4"/>
            <line number="186" hits="4"/>
            <line number="187" hits="4"/>
            <line number="189" hits="4"/>
            <line number="190" hits="4"/>
            <line number="192" hits="4"/>
            <line number="194" hits="4"/>
            <line number="195" hits="4"/>
            <line number="197" hits="1"/>
            <line number="198" hits="3"/>
            <line number="199" hits="2"/>
            <line number="202" hits="3"/>
            <line number="207" hits="706"/>
            <line number="208" hits="706"/>
            <line number="209" hits="706"/>
            <line number="210" hits="706"/>
            <line number="215" hits="706"/>
          </lines>
        </class>
      </classes>
    </package>
  </packages>
</coverage>
