<?xml version="1.0" encoding="UTF-8"?>
<!DOCTYPE coverage SYSTEM "http://cobertura.sourceforge.net/xml/coverage-04.dtd">
<coverage line-rate="0.33452868852459" branch-rate="0" lines-covered="1306" lines-valid="3904" branches-covered="0" branches-valid="0" complexity="1112" version="0.4" timestamp="1709238674">
  <sources>
    <source>/app</source>
  </sources>
  <packages>
    <package name="app/Console/Kernel.php" line-rate="0.66666666666667" branch-rate="0" complexity="2">
      <classes>
        <class name="App\Console\Kernel" filename="app/Console/Kernel.php" line-rate="0.66666666666667" branch-rate="0" complexity="2">
          <methods>
            <method name="schedule" signature="Illuminate\Console\Scheduling\Schedule $schedule" line-rate="0" branch-rate="0" complexity="1">
              <lines>
                <line number="15" hits="0"/>
              </lines>
            </method>
            <method name="commands" signature="" line-rate="1" branch-rate="0" complexity="1">
              <lines>
                <line number="22" hits="1"/>
                <line number="24" hits="1"/>
              </lines>
            </method>
          </methods>
          <lines>
            <line number="15" hits="0"/>
            <line number="22" hits="1"/>
            <line number="24" hits="1"/>
          </lines>
        </class>
      </classes>
    </package>
    <package name="app/Exceptions/Handler.php" line-rate="1" branch-rate="0" complexity="1">
      <classes>
        <class name="App\Exceptions\Handler" filename="app/Exceptions/Handler.php" line-rate="1" branch-rate="0" complexity="1">
          <methods>
            <method name="register" signature="" line-rate="1" branch-rate="0" complexity="1">
              <lines>
                <line number="25" hits="1"/>
                <line number="27" hits="1"/>
              </lines>
            </method>
          </methods>
          <lines>
            <line number="25" hits="1"/>
            <line number="27" hits="1"/>
          </lines>
        </class>
      </classes>
    </package>
    <package name="app/Http/Controllers/Controller.php" line-rate="0" branch-rate="0" complexity="0">
      <classes>
        <class name="App\Http\Controllers\Controller" filename="app/Http/Controllers/Controller.php" line-rate="0" branch-rate="0" complexity="0">
          <methods/>
          <lines/>
        </class>
      </classes>
    </package>
    <package name="app/Http/Kernel.php" line-rate="0" branch-rate="0" complexity="0">
      <classes>
        <class name="App\Http\Kernel" filename="app/Http/Kernel.php" line-rate="0" branch-rate="0" complexity="0">
          <methods/>
          <lines/>
        </class>
      </classes>
    </package>
    <package name="app/Http/Middleware/Authenticate.php" line-rate="0" branch-rate="0" complexity="2">
      <classes>
        <class name="App\Http\Middleware\Authenticate" filename="app/Http/Middleware/Authenticate.php" line-rate="0" branch-rate="0" complexity="2">
          <methods>
            <method name="redirectTo" signature="Illuminate\Http\Request $request" line-rate="0" branch-rate="0" complexity="2">
              <lines>
                <line number="14" hits="0"/>
              </lines>
            </method>
          </methods>
          <lines>
            <line number="14" hits="0"/>
          </lines>
        </class>
      </classes>
    </package>
    <package name="app/Http/Middleware/EncryptCookies.php" line-rate="0" branch-rate="0" complexity="0">
      <classes>
        <class name="App\Http\Middleware\EncryptCookies" filename="app/Http/Middleware/EncryptCookies.php" line-rate="0" branch-rate="0" complexity="0">
          <methods/>
          <lines/>
        </class>
      </classes>
    </package>
    <package name="app/Http/Middleware/PreventRequestsDuringMaintenance.php" line-rate="0" branch-rate="0" complexity="0">
      <classes>
        <class name="App\Http\Middleware\PreventRequestsDuringMaintenance" filename="app/Http/Middleware/PreventRequestsDuringMaintenance.php" line-rate="0" branch-rate="0" complexity="0">
          <methods/>
          <lines/>
        </class>
      </classes>
    </package>
    <package name="app/Http/Middleware/RedirectIfAuthenticated.php" line-rate="0" branch-rate="0" complexity="4">
      <classes>
        <class name="App\Http\Middleware\RedirectIfAuthenticated" filename="app/Http/Middleware/RedirectIfAuthenticated.php" line-rate="0" branch-rate="0" complexity="4">
          <methods>
            <method name="handle" signature="Illuminate\Http\Request $request, Closure $next, string $guards" line-rate="0" branch-rate="0" complexity="4">
              <lines>
                <line number="19" hits="0"/>
                <line number="21" hits="0"/>
                <line number="22" hits="0"/>
                <line number="23" hits="0"/>
                <line number="27" hits="0"/>
              </lines>
            </method>
          </methods>
          <lines>
            <line number="19" hits="0"/>
            <line number="21" hits="0"/>
            <line number="22" hits="0"/>
            <line number="23" hits="0"/>
            <line number="27" hits="0"/>
          </lines>
        </class>
      </classes>
    </package>
    <package name="app/Http/Middleware/TrimStrings.php" line-rate="0" branch-rate="0" complexity="0">
      <classes>
        <class name="App\Http\Middleware\TrimStrings" filename="app/Http/Middleware/TrimStrings.php" line-rate="0" branch-rate="0" complexity="0">
          <methods/>
          <lines/>
        </class>
      </classes>
    </package>
    <package name="app/Http/Middleware/TrustHosts.php" line-rate="0" branch-rate="0" complexity="1">
      <classes>
        <class name="App\Http\Middleware\TrustHosts" filename="app/Http/Middleware/TrustHosts.php" line-rate="0" branch-rate="0" complexity="1">
          <methods>
            <method name="hosts" signature="" line-rate="0" branch-rate="0" complexity="1">
              <lines>
                <line number="15" hits="0"/>
                <line number="16" hits="0"/>
                <line number="17" hits="0"/>
              </lines>
            </method>
          </methods>
          <lines>
            <line number="15" hits="0"/>
            <line number="16" hits="0"/>
            <line number="17" hits="0"/>
          </lines>
        </class>
      </classes>
    </package>
    <package name="app/Http/Middleware/TrustProxies.php" line-rate="0" branch-rate="0" complexity="0">
      <classes>
        <class name="App\Http\Middleware\TrustProxies" filename="app/Http/Middleware/TrustProxies.php" line-rate="0" branch-rate="0" complexity="0">
          <methods/>
          <lines/>
        </class>
      </classes>
    </package>
    <package name="app/Http/Middleware/ValidateSignature.php" line-rate="0" branch-rate="0" complexity="0">
      <classes>
        <class name="App\Http\Middleware\ValidateSignature" filename="app/Http/Middleware/ValidateSignature.php" line-rate="0" branch-rate="0" complexity="0">
          <methods/>
          <lines/>
        </class>
      </classes>
    </package>
    <package name="app/Http/Middleware/VerifyCsrfToken.php" line-rate="0" branch-rate="0" complexity="0">
      <classes>
        <class name="App\Http\Middleware\VerifyCsrfToken" filename="app/Http/Middleware/VerifyCsrfToken.php" line-rate="0" branch-rate="0" complexity="0">
          <methods/>
          <lines/>
        </class>
      </classes>
    </package>
    <package name="app/Models/User.php" line-rate="0" branch-rate="0" complexity="0">
      <classes>
        <class name="App\Models\User" filename="app/Models/User.php" line-rate="0" branch-rate="0" complexity="0">
          <methods/>
          <lines/>
        </class>
      </classes>
    </package>
    <package name="app/Providers/AppServiceProvider.php" line-rate="1" branch-rate="0" complexity="2">
      <classes>
        <class name="App\Providers\AppServiceProvider" filename="app/Providers/AppServiceProvider.php" line-rate="1" branch-rate="0" complexity="2">
          <methods>
            <method name="register" signature="" line-rate="1" branch-rate="0" complexity="1">
              <lines>
                <line number="14" hits="1"/>
              </lines>
            </method>
            <method name="boot" signature="" line-rate="1" branch-rate="0" complexity="1">
              <lines>
                <line number="22" hits="1"/>
              </lines>
            </method>
          </methods>
          <lines>
            <line number="14" hits="1"/>
            <line number="22" hits="1"/>
          </lines>
        </class>
      </classes>
    </package>
    <package name="app/Providers/AuthServiceProvider.php" line-rate="1" branch-rate="0" complexity="1">
      <classes>
        <class name="App\Providers\AuthServiceProvider" filename="app/Providers/AuthServiceProvider.php" line-rate="1" branch-rate="0" complexity="1">
          <methods>
            <method name="boot" signature="" line-rate="1" branch-rate="0" complexity="1">
              <lines>
                <line number="24" hits="1"/>
              </lines>
            </method>
          </methods>
          <lines>
            <line number="24" hits="1"/>
          </lines>
        </class>
      </classes>
    </package>
    <package name="app/Providers/BroadcastServiceProvider.php" line-rate="0" branch-rate="0" complexity="1">
      <classes>
        <class name="App\Providers\BroadcastServiceProvider" filename="app/Providers/BroadcastServiceProvider.php" line-rate="0" branch-rate="0" complexity="1">
          <methods>
            <method name="boot" signature="" line-rate="0" branch-rate="0" complexity="1">
              <lines>
                <line number="14" hits="0"/>
                <line number="16" hits="0"/>
              </lines>
            </method>
          </methods>
          <lines>
            <line number="14" hits="0"/>
            <line number="16" hits="0"/>
          </lines>
        </class>
      </classes>
    </package>
    <package name="app/Providers/EventServiceProvider.php" line-rate="1" branch-rate="0" complexity="2">
      <classes>
        <class name="App\Providers\EventServiceProvider" filename="app/Providers/EventServiceProvider.php" line-rate="1" branch-rate="0" complexity="2">
          <methods>
            <method name="boot" signature="" line-rate="1" branch-rate="0" complexity="1">
              <lines>
                <line number="28" hits="1"/>
              </lines>
            </method>
            <method name="shouldDiscoverEvents" signature="" line-rate="1" branch-rate="0" complexity="1">
              <lines>
                <line number="35" hits="1"/>
              </lines>
            </method>
          </methods>
          <lines>
            <line number="28" hits="1"/>
            <line number="35" hits="1"/>
          </lines>
        </class>
      </classes>
    </package>
    <package name="app/Providers/RouteServiceProvider.php" line-rate="0.9" branch-rate="0" complexity="2">
      <classes>
        <class name="App\Providers\RouteServiceProvider" filename="app/Providers/RouteServiceProvider.php" line-rate="0.9" branch-rate="0" complexity="2">
          <methods>
            <method name="boot" signature="" line-rate="0.9" branch-rate="0" complexity="2">
              <lines>
                <line number="26" hits="1"/>
                <line number="27" hits="0"/>
                <line number="28" hits="1"/>
                <line number="30" hits="1"/>
                <line number="31" hits="1"/>
                <line number="32" hits="1"/>
                <line number="33" hits="1"/>
                <line number="35" hits="1"/>
                <line number="36" hits="1"/>
                <line number="37" hits="1"/>
              </lines>
            </method>
          </methods>
          <lines>
            <line number="26" hits="1"/>
            <line number="27" hits="0"/>
            <line number="28" hits="1"/>
            <line number="30" hits="1"/>
            <line number="31" hits="1"/>
            <line number="32" hits="1"/>
            <line number="33" hits="1"/>
            <line number="35" hits="1"/>
            <line number="36" hits="1"/>
            <line number="37" hits="1"/>
          </lines>
        </class>
      </classes>
    </package>
    <package name="vendor/gammamatrix/playground-auth/src/Can.php" line-rate="0.31428571428571" branch-rate="0" complexity="97">
      <classes>
        <class name="Playground\Auth\Can" filename="vendor/gammamatrix/playground-auth/src/Can.php" line-rate="0.31428571428571" branch-rate="0" complexity="97">
          <methods>
            <method name="matches" signature="?Illuminate\Contracts\Auth\Authenticatable $user" line-rate="0.22222222222222" branch-rate="0" complexity="8">
              <lines>
                <line number="66" hits="1"/>
                <line number="67" hits="1"/>
                <line number="70" hits="0"/>
                <line number="71" hits="0"/>
                <line number="74" hits="0"/>
                <line number="75" hits="0"/>
                <line number="78" hits="0"/>
                <line number="79" hits="0"/>
                <line number="81" hits="0"/>
              </lines>
            </method>
            <method name="init" signature="?Illuminate\Contracts\Auth\Authenticatable $user" line-rate="0.97058823529412" branch-rate="0" complexity="14">
              <lines>
                <line number="86" hits="1"/>
                <line number="87" hits="0"/>
                <line number="90" hits="1"/>
                <line number="91" hits="1"/>
                <line number="94" hits="1"/>
                <line number="95" hits="1"/>
                <line number="96" hits="1"/>
                <line number="98" hits="1"/>
                <line number="99" hits="1"/>
                <line number="101" hits="1"/>
                <line number="103" hits="1"/>
                <line number="104" hits="1"/>
                <line number="105" hits="1"/>
                <line number="107" hits="1"/>
                <line number="110" hits="1"/>
                <line number="111" hits="1"/>
                <line number="112" hits="1"/>
                <line number="113" hits="1"/>
                <line number="114" hits="1"/>
                <line number="115" hits="1"/>
                <line number="117" hits="1"/>
                <line number="118" hits="1"/>
                <line number="119" hits="1"/>
                <line number="121" hits="1"/>
                <line number="124" hits="1"/>
                <line number="125" hits="1"/>
                <line number="127" hits="1"/>
                <line number="128" hits="1"/>
                <line number="130" hits="1"/>
                <line number="132" hits="1"/>
                <line number="133" hits="1"/>
                <line number="135" hits="1"/>
                <line number="139" hits="1"/>
                <line number="141" hits="1"/>
              </lines>
            </method>
            <method name="reset" signature="?Illuminate\Contracts\Auth\Authenticatable $user" line-rate="0" branch-rate="0" complexity="1">
              <lines>
                <line number="146" hits="0"/>
                <line number="148" hits="0"/>
                <line number="150" hits="0"/>
              </lines>
            </method>
            <method name="isGuest" signature="?Illuminate\Contracts\Auth\Authenticatable $user" line-rate="0.83333333333333" branch-rate="0" complexity="4">
              <lines>
                <line number="155" hits="1"/>
                <line number="157" hits="1"/>
                <line number="158" hits="1"/>
                <line number="159" hits="1"/>
                <line number="161" hits="0"/>
                <line number="164" hits="1"/>
              </lines>
            </method>
            <method name="map" signature="array $privileges, ?Illuminate\Contracts\Auth\Authenticatable $user" line-rate="0" branch-rate="0" complexity="5">
              <lines>
                <line number="173" hits="0"/>
                <line number="175" hits="0"/>
                <line number="177" hits="0"/>
                <line number="179" hits="0"/>
                <line number="180" hits="0"/>
                <line number="181" hits="0"/>
                <line number="182" hits="0"/>
                <line number="184" hits="0"/>
                <line number="185" hits="0"/>
                <line number="186" hits="0"/>
                <line number="187" hits="0"/>
                <line number="188" hits="0"/>
                <line number="192" hits="0"/>
              </lines>
            </method>
            <method name="wildcards" signature="string $privilege" line-rate="0" branch-rate="0" complexity="10">
              <lines>
                <line number="200" hits="0"/>
                <line number="202" hits="0"/>
                <line number="203" hits="0"/>
                <line number="206" hits="0"/>
                <line number="208" hits="0"/>
                <line number="209" hits="0"/>
                <line number="212" hits="0"/>
                <line number="214" hits="0"/>
                <line number="216" hits="0"/>
                <line number="217" hits="0"/>
                <line number="220" hits="0"/>
                <line number="221" hits="0"/>
                <line number="222" hits="0"/>
                <line number="223" hits="0"/>
                <line number="224" hits="0"/>
                <line number="225" hits="0"/>
                <line number="227" hits="0"/>
                <line number="228" hits="0"/>
                <line number="230" hits="0"/>
                <line number="231" hits="0"/>
                <line number="236" hits="0"/>
              </lines>
            </method>
            <method name="access" signature="?Illuminate\Contracts\Auth\Authenticatable $user, array $options" line-rate="0.098765432098765" branch-rate="0" complexity="49">
              <lines>
                <line number="244" hits="1"/>
                <line number="246" hits="1"/>
                <line number="248" hits="1"/>
                <line number="250" hits="1"/>
                <line number="251" hits="1"/>
                <line number="254" hits="1"/>
                <line number="256" hits="1"/>
                <line number="257" hits="1"/>
                <line number="261" hits="0"/>
                <line number="263" hits="0"/>
                <line number="265" hits="0"/>
                <line number="266" hits="0"/>
                <line number="267" hits="0"/>
                <line number="273" hits="0"/>
                <line number="274" hits="0"/>
                <line number="275" hits="0"/>
                <line number="276" hits="0"/>
                <line number="277" hits="0"/>
                <line number="278" hits="0"/>
                <line number="280" hits="0"/>
                <line number="285" hits="0"/>
                <line number="287" hits="0"/>
                <line number="289" hits="0"/>
                <line number="292" hits="0"/>
                <line number="293" hits="0"/>
                <line number="296" hits="0"/>
                <line number="299" hits="0"/>
                <line number="301" hits="0"/>
                <line number="302" hits="0"/>
                <line number="303" hits="0"/>
                <line number="305" hits="0"/>
                <line number="307" hits="0"/>
                <line number="308" hits="0"/>
                <line number="309" hits="0"/>
                <line number="310" hits="0"/>
                <line number="316" hits="0"/>
                <line number="317" hits="0"/>
                <line number="321" hits="0"/>
                <line number="322" hits="0"/>
                <line number="324" hits="0"/>
                <line number="327" hits="0"/>
                <line number="328" hits="0"/>
                <line number="329" hits="0"/>
                <line number="330" hits="0"/>
                <line number="332" hits="0"/>
                <line number="337" hits="0"/>
                <line number="339" hits="0"/>
                <line number="340" hits="0"/>
                <line number="341" hits="0"/>
                <line number="343" hits="0"/>
                <line number="345" hits="0"/>
                <line number="347" hits="0"/>
                <line number="348" hits="0"/>
                <line number="349" hits="0"/>
                <line number="351" hits="0"/>
                <line number="353" hits="0"/>
                <line number="355" hits="0"/>
                <line number="356" hits="0"/>
                <line number="357" hits="0"/>
                <line number="359" hits="0"/>
                <line number="361" hits="0"/>
                <line number="363" hits="0"/>
                <line number="364" hits="0"/>
                <line number="365" hits="0"/>
                <line number="366" hits="0"/>
                <line number="367" hits="0"/>
                <line number="368" hits="0"/>
                <line number="369" hits="0"/>
                <line number="370" hits="0"/>
                <line number="374" hits="0"/>
                <line number="375" hits="0"/>
                <line number="376" hits="0"/>
                <line number="378" hits="0"/>
                <line number="384" hits="0"/>
                <line number="385" hits="0"/>
                <line number="388" hits="0"/>
                <line number="389" hits="0"/>
                <line number="390" hits="0"/>
                <line number="391" hits="0"/>
                <line number="394" hits="0"/>
                <line number="397" hits="0"/>
              </lines>
            </method>
            <method name="withPrivilege" signature="array $meta" line-rate="0.875" branch-rate="0" complexity="6">
              <lines>
                <line number="405" hits="1"/>
                <line number="406" hits="1"/>
                <line number="408" hits="1"/>
                <line number="409" hits="1"/>
                <line number="410" hits="1"/>
                <line number="411" hits="1"/>
                <line number="413" hits="0"/>
                <line number="416" hits="1"/>
              </lines>
            </method>
          </methods>
          <lines>
            <line number="66" hits="1"/>
            <line number="67" hits="1"/>
            <line number="70" hits="0"/>
            <line number="71" hits="0"/>
            <line number="74" hits="0"/>
            <line number="75" hits="0"/>
            <line number="78" hits="0"/>
            <line number="79" hits="0"/>
            <line number="81" hits="0"/>
            <line number="86" hits="1"/>
            <line number="87" hits="0"/>
            <line number="90" hits="1"/>
            <line number="91" hits="1"/>
            <line number="94" hits="1"/>
            <line number="95" hits="1"/>
            <line number="96" hits="1"/>
            <line number="98" hits="1"/>
            <line number="99" hits="1"/>
            <line number="101" hits="1"/>
            <line number="103" hits="1"/>
            <line number="104" hits="1"/>
            <line number="105" hits="1"/>
            <line number="107" hits="1"/>
            <line number="110" hits="1"/>
            <line number="111" hits="1"/>
            <line number="112" hits="1"/>
            <line number="113" hits="1"/>
            <line number="114" hits="1"/>
            <line number="115" hits="1"/>
            <line number="117" hits="1"/>
            <line number="118" hits="1"/>
            <line number="119" hits="1"/>
            <line number="121" hits="1"/>
            <line number="124" hits="1"/>
            <line number="125" hits="1"/>
            <line number="127" hits="1"/>
            <line number="128" hits="1"/>
            <line number="130" hits="1"/>
            <line number="132" hits="1"/>
            <line number="133" hits="1"/>
            <line number="135" hits="1"/>
            <line number="139" hits="1"/>
            <line number="141" hits="1"/>
            <line number="146" hits="0"/>
            <line number="148" hits="0"/>
            <line number="150" hits="0"/>
            <line number="155" hits="1"/>
            <line number="157" hits="1"/>
            <line number="158" hits="1"/>
            <line number="159" hits="1"/>
            <line number="161" hits="0"/>
            <line number="164" hits="1"/>
            <line number="173" hits="0"/>
            <line number="175" hits="0"/>
            <line number="177" hits="0"/>
            <line number="179" hits="0"/>
            <line number="180" hits="0"/>
            <line number="181" hits="0"/>
            <line number="182" hits="0"/>
            <line number="184" hits="0"/>
            <line number="185" hits="0"/>
            <line number="186" hits="0"/>
            <line number="187" hits="0"/>
            <line number="188" hits="0"/>
            <line number="192" hits="0"/>
            <line number="200" hits="0"/>
            <line number="202" hits="0"/>
            <line number="203" hits="0"/>
            <line number="206" hits="0"/>
            <line number="208" hits="0"/>
            <line number="209" hits="0"/>
            <line number="212" hits="0"/>
            <line number="214" hits="0"/>
            <line number="216" hits="0"/>
            <line number="217" hits="0"/>
            <line number="220" hits="0"/>
            <line number="221" hits="0"/>
            <line number="222" hits="0"/>
            <line number="223" hits="0"/>
            <line number="224" hits="0"/>
            <line number="225" hits="0"/>
            <line number="227" hits="0"/>
            <line number="228" hits="0"/>
            <line number="230" hits="0"/>
            <line number="231" hits="0"/>
            <line number="236" hits="0"/>
            <line number="244" hits="1"/>
            <line number="246" hits="1"/>
            <line number="248" hits="1"/>
            <line number="250" hits="1"/>
            <line number="251" hits="1"/>
            <line number="254" hits="1"/>
            <line number="256" hits="1"/>
            <line number="257" hits="1"/>
            <line number="261" hits="0"/>
            <line number="263" hits="0"/>
            <line number="265" hits="0"/>
            <line number="266" hits="0"/>
            <line number="267" hits="0"/>
            <line number="273" hits="0"/>
            <line number="274" hits="0"/>
            <line number="275" hits="0"/>
            <line number="276" hits="0"/>
            <line number="277" hits="0"/>
            <line number="278" hits="0"/>
            <line number="280" hits="0"/>
            <line number="285" hits="0"/>
            <line number="287" hits="0"/>
            <line number="289" hits="0"/>
            <line number="292" hits="0"/>
            <line number="293" hits="0"/>
            <line number="296" hits="0"/>
            <line number="299" hits="0"/>
            <line number="301" hits="0"/>
            <line number="302" hits="0"/>
            <line number="303" hits="0"/>
            <line number="305" hits="0"/>
            <line number="307" hits="0"/>
            <line number="308" hits="0"/>
            <line number="309" hits="0"/>
            <line number="310" hits="0"/>
            <line number="316" hits="0"/>
            <line number="317" hits="0"/>
            <line number="321" hits="0"/>
            <line number="322" hits="0"/>
            <line number="324" hits="0"/>
            <line number="327" hits="0"/>
            <line number="328" hits="0"/>
            <line number="329" hits="0"/>
            <line number="330" hits="0"/>
            <line number="332" hits="0"/>
            <line number="337" hits="0"/>
            <line number="339" hits="0"/>
            <line number="340" hits="0"/>
            <line number="341" hits="0"/>
            <line number="343" hits="0"/>
            <line number="345" hits="0"/>
            <line number="347" hits="0"/>
            <line number="348" hits="0"/>
            <line number="349" hits="0"/>
            <line number="351" hits="0"/>
            <line number="353" hits="0"/>
            <line number="355" hits="0"/>
            <line number="356" hits="0"/>
            <line number="357" hits="0"/>
            <line number="359" hits="0"/>
            <line number="361" hits="0"/>
            <line number="363" hits="0"/>
            <line number="364" hits="0"/>
            <line number="365" hits="0"/>
            <line number="366" hits="0"/>
            <line number="367" hits="0"/>
            <line number="368" hits="0"/>
            <line number="369" hits="0"/>
            <line number="370" hits="0"/>
            <line number="374" hits="0"/>
            <line number="375" hits="0"/>
            <line number="376" hits="0"/>
            <line number="378" hits="0"/>
            <line number="384" hits="0"/>
            <line number="385" hits="0"/>
            <line number="388" hits="0"/>
            <line number="389" hits="0"/>
            <line number="390" hits="0"/>
            <line number="391" hits="0"/>
            <line number="394" hits="0"/>
            <line number="397" hits="0"/>
            <line number="405" hits="1"/>
            <line number="406" hits="1"/>
            <line number="408" hits="1"/>
            <line number="409" hits="1"/>
            <line number="410" hits="1"/>
            <line number="411" hits="1"/>
            <line number="413" hits="0"/>
            <line number="416" hits="1"/>
          </lines>
        </class>
      </classes>
    </package>
    <package name="vendor/gammamatrix/playground-auth/src/Console/Commands/HashPassword.php" line-rate="0.9375" branch-rate="0" complexity="9">
      <classes>
        <class name="Playground\Auth\Console\Commands\HashPassword" filename="vendor/gammamatrix/playground-auth/src/Console/Commands/HashPassword.php" line-rate="0.9375" branch-rate="0" complexity="9">
          <methods>
            <method name="handle" signature="" line-rate="0.9375" branch-rate="0" complexity="9">
              <lines>
                <line number="42" hits="3"/>
                <line number="44" hits="3"/>
                <line number="45" hits="3"/>
                <line number="47" hits="0"/>
                <line number="50" hits="3"/>
                <line number="52" hits="3"/>
                <line number="53" hits="1"/>
                <line number="54" hits="1"/>
                <line number="57" hits="3"/>
                <line number="58" hits="1"/>
                <line number="59" hits="1"/>
                <line number="60" hits="1"/>
                <line number="61" hits="1"/>
                <line number="62" hits="1"/>
                <line number="63" hits="1"/>
                <line number="66" hits="2"/>
              </lines>
            </method>
          </methods>
          <lines>
            <line number="42" hits="3"/>
            <line number="44" hits="3"/>
            <line number="45" hits="3"/>
            <line number="47" hits="0"/>
            <line number="50" hits="3"/>
            <line number="52" hits="3"/>
            <line number="53" hits="1"/>
            <line number="54" hits="1"/>
            <line number="57" hits="3"/>
            <line number="58" hits="1"/>
            <line number="59" hits="1"/>
            <line number="60" hits="1"/>
            <line number="61" hits="1"/>
            <line number="62" hits="1"/>
            <line number="63" hits="1"/>
            <line number="66" hits="2"/>
          </lines>
        </class>
      </classes>
    </package>
    <package name="vendor/gammamatrix/playground-auth/src/Facades/Can.php" line-rate="1" branch-rate="0" complexity="1">
      <classes>
        <class name="Playground\Auth\Facades\Can" filename="vendor/gammamatrix/playground-auth/src/Facades/Can.php" line-rate="1" branch-rate="0" complexity="1">
          <methods>
            <method name="getFacadeAccessor" signature="" line-rate="1" branch-rate="0" complexity="1">
              <lines>
                <line number="29" hits="1"/>
              </lines>
            </method>
          </methods>
          <lines>
            <line number="29" hits="1"/>
          </lines>
        </class>
      </classes>
    </package>
    <package name="vendor/gammamatrix/playground-auth/src/Issuer.php" line-rate="0" branch-rate="0" complexity="70">
      <classes>
        <class name="Playground\Auth\Issuer" filename="vendor/gammamatrix/playground-auth/src/Issuer.php" line-rate="0" branch-rate="0" complexity="70">
          <methods>
            <method name="compileAbilitiesByGroup" signature="string $group" line-rate="0" branch-rate="0" complexity="28">
              <lines>
                <line number="73" hits="0"/>
                <line number="75" hits="0"/>
                <line number="76" hits="0"/>
                <line number="77" hits="0"/>
                <line number="84" hits="0"/>
                <line number="89" hits="0"/>
                <line number="91" hits="0"/>
                <line number="93" hits="0"/>
                <line number="96" hits="0"/>
                <line number="97" hits="0"/>
                <line number="98" hits="0"/>
                <line number="99" hits="0"/>
                <line number="103" hits="0"/>
                <line number="104" hits="0"/>
                <line number="105" hits="0"/>
                <line number="106" hits="0"/>
                <line number="107" hits="0"/>
                <line number="108" hits="0"/>
                <line number="109" hits="0"/>
                <line number="110" hits="0"/>
                <line number="111" hits="0"/>
                <line number="112" hits="0"/>
                <line number="113" hits="0"/>
                <line number="114" hits="0"/>
                <line number="117" hits="0"/>
                <line number="119" hits="0"/>
                <line number="120" hits="0"/>
                <line number="121" hits="0"/>
                <line number="122" hits="0"/>
                <line number="123" hits="0"/>
                <line number="124" hits="0"/>
                <line number="125" hits="0"/>
                <line number="126" hits="0"/>
                <line number="127" hits="0"/>
                <line number="128" hits="0"/>
                <line number="131" hits="0"/>
                <line number="133" hits="0"/>
                <line number="134" hits="0"/>
                <line number="135" hits="0"/>
                <line number="137" hits="0"/>
                <line number="138" hits="0"/>
                <line number="139" hits="0"/>
                <line number="140" hits="0"/>
                <line number="141" hits="0"/>
                <line number="142" hits="0"/>
                <line number="143" hits="0"/>
                <line number="144" hits="0"/>
                <line number="145" hits="0"/>
                <line number="146" hits="0"/>
                <line number="149" hits="0"/>
                <line number="151" hits="0"/>
                <line number="152" hits="0"/>
                <line number="153" hits="0"/>
                <line number="155" hits="0"/>
                <line number="156" hits="0"/>
                <line number="158" hits="0"/>
                <line number="159" hits="0"/>
                <line number="160" hits="0"/>
                <line number="161" hits="0"/>
                <line number="162" hits="0"/>
                <line number="163" hits="0"/>
                <line number="164" hits="0"/>
                <line number="165" hits="0"/>
                <line number="166" hits="0"/>
                <line number="167" hits="0"/>
                <line number="171" hits="0"/>
                <line number="173" hits="0"/>
                <line number="174" hits="0"/>
                <line number="193" hits="0"/>
              </lines>
            </method>
            <method name="abilitiesByGroup" signature="string $group" line-rate="0" branch-rate="0" complexity="1">
              <lines>
                <line number="201" hits="0"/>
              </lines>
            </method>
            <method name="abilities" signature="Illuminate\Contracts\Auth\Authenticatable $user" line-rate="0" branch-rate="0" complexity="12">
              <lines>
                <line number="209" hits="0"/>
                <line number="211" hits="0"/>
                <line number="212" hits="0"/>
                <line number="213" hits="0"/>
                <line number="214" hits="0"/>
                <line number="215" hits="0"/>
                <line number="216" hits="0"/>
                <line number="217" hits="0"/>
                <line number="218" hits="0"/>
                <line number="219" hits="0"/>
                <line number="220" hits="0"/>
                <line number="221" hits="0"/>
                <line number="222" hits="0"/>
                <line number="225" hits="0"/>
                <line number="226" hits="0"/>
                <line number="228" hits="0"/>
                <line number="230" hits="0"/>
                <line number="234" hits="0"/>
                <line number="238" hits="0"/>
              </lines>
            </method>
            <method name="init" signature="Illuminate\Contracts\Auth\Authenticatable $user, array $config" line-rate="0" branch-rate="0" complexity="16">
              <lines>
                <line number="246" hits="0"/>
                <line number="247" hits="0"/>
                <line number="249" hits="0"/>
                <line number="257" hits="0"/>
                <line number="258" hits="0"/>
                <line number="259" hits="0"/>
                <line number="260" hits="0"/>
                <line number="262" hits="0"/>
                <line number="263" hits="0"/>
                <line number="264" hits="0"/>
                <line number="267" hits="0"/>
                <line number="268" hits="0"/>
                <line number="271" hits="0"/>
                <line number="272" hits="0"/>
                <line number="274" hits="0"/>
                <line number="277" hits="0"/>
                <line number="278" hits="0"/>
                <line number="280" hits="0"/>
                <line number="283" hits="0"/>
                <line number="284" hits="0"/>
                <line number="285" hits="0"/>
                <line number="286" hits="0"/>
                <line number="287" hits="0"/>
                <line number="288" hits="0"/>
                <line number="290" hits="0"/>
                <line number="291" hits="0"/>
                <line number="292" hits="0"/>
                <line number="293" hits="0"/>
                <line number="297" hits="0"/>
                <line number="298" hits="0"/>
                <line number="299" hits="0"/>
                <line number="300" hits="0"/>
                <line number="303" hits="0"/>
                <line number="304" hits="0"/>
                <line number="307" hits="0"/>
                <line number="308" hits="0"/>
              </lines>
            </method>
            <method name="listed" signature="Illuminate\Contracts\Auth\Authenticatable $user" line-rate="0" branch-rate="0" complexity="7">
              <lines>
                <line number="314" hits="0"/>
                <line number="315" hits="0"/>
                <line number="316" hits="0"/>
                <line number="317" hits="0"/>
                <line number="318" hits="0"/>
                <line number="322" hits="0"/>
                <line number="323" hits="0"/>
                <line number="324" hits="0"/>
                <line number="325" hits="0"/>
              </lines>
            </method>
            <method name="sanctum" signature="Laravel\Sanctum\Contracts\HasApiTokens $user" line-rate="0" branch-rate="0" complexity="6">
              <lines>
                <line number="339" hits="0"/>
                <line number="341" hits="0"/>
                <line number="343" hits="0"/>
                <line number="344" hits="0"/>
                <line number="347" hits="0"/>
                <line number="349" hits="0"/>
                <line number="350" hits="0"/>
                <line number="351" hits="0"/>
                <line number="355" hits="0"/>
                <line number="356" hits="0"/>
                <line number="357" hits="0"/>
                <line number="360" hits="0"/>
                <line number="361" hits="0"/>
                <line number="362" hits="0"/>
                <line number="363" hits="0"/>
                <line number="365" hits="0"/>
              </lines>
            </method>
          </methods>
          <lines>
            <line number="73" hits="0"/>
            <line number="75" hits="0"/>
            <line number="76" hits="0"/>
            <line number="77" hits="0"/>
            <line number="84" hits="0"/>
            <line number="89" hits="0"/>
            <line number="91" hits="0"/>
            <line number="93" hits="0"/>
            <line number="96" hits="0"/>
            <line number="97" hits="0"/>
            <line number="98" hits="0"/>
            <line number="99" hits="0"/>
            <line number="103" hits="0"/>
            <line number="104" hits="0"/>
            <line number="105" hits="0"/>
            <line number="106" hits="0"/>
            <line number="107" hits="0"/>
            <line number="108" hits="0"/>
            <line number="109" hits="0"/>
            <line number="110" hits="0"/>
            <line number="111" hits="0"/>
            <line number="112" hits="0"/>
            <line number="113" hits="0"/>
            <line number="114" hits="0"/>
            <line number="117" hits="0"/>
            <line number="119" hits="0"/>
            <line number="120" hits="0"/>
            <line number="121" hits="0"/>
            <line number="122" hits="0"/>
            <line number="123" hits="0"/>
            <line number="124" hits="0"/>
            <line number="125" hits="0"/>
            <line number="126" hits="0"/>
            <line number="127" hits="0"/>
            <line number="128" hits="0"/>
            <line number="131" hits="0"/>
            <line number="133" hits="0"/>
            <line number="134" hits="0"/>
            <line number="135" hits="0"/>
            <line number="137" hits="0"/>
            <line number="138" hits="0"/>
            <line number="139" hits="0"/>
            <line number="140" hits="0"/>
            <line number="141" hits="0"/>
            <line number="142" hits="0"/>
            <line number="143" hits="0"/>
            <line number="144" hits="0"/>
            <line number="145" hits="0"/>
            <line number="146" hits="0"/>
            <line number="149" hits="0"/>
            <line number="151" hits="0"/>
            <line number="152" hits="0"/>
            <line number="153" hits="0"/>
            <line number="155" hits="0"/>
            <line number="156" hits="0"/>
            <line number="158" hits="0"/>
            <line number="159" hits="0"/>
            <line number="160" hits="0"/>
            <line number="161" hits="0"/>
            <line number="162" hits="0"/>
            <line number="163" hits="0"/>
            <line number="164" hits="0"/>
            <line number="165" hits="0"/>
            <line number="166" hits="0"/>
            <line number="167" hits="0"/>
            <line number="171" hits="0"/>
            <line number="173" hits="0"/>
            <line number="174" hits="0"/>
            <line number="193" hits="0"/>
            <line number="201" hits="0"/>
            <line number="209" hits="0"/>
            <line number="211" hits="0"/>
            <line number="212" hits="0"/>
            <line number="213" hits="0"/>
            <line number="214" hits="0"/>
            <line number="215" hits="0"/>
            <line number="216" hits="0"/>
            <line number="217" hits="0"/>
            <line number="218" hits="0"/>
            <line number="219" hits="0"/>
            <line number="220" hits="0"/>
            <line number="221" hits="0"/>
            <line number="222" hits="0"/>
            <line number="225" hits="0"/>
            <line number="226" hits="0"/>
            <line number="228" hits="0"/>
            <line number="230" hits="0"/>
            <line number="234" hits="0"/>
            <line number="238" hits="0"/>
            <line number="246" hits="0"/>
            <line number="247" hits="0"/>
            <line number="249" hits="0"/>
            <line number="257" hits="0"/>
            <line number="258" hits="0"/>
            <line number="259" hits="0"/>
            <line number="260" hits="0"/>
            <line number="262" hits="0"/>
            <line number="263" hits="0"/>
            <line number="264" hits="0"/>
            <line number="267" hits="0"/>
            <line number="268" hits="0"/>
            <line number="271" hits="0"/>
            <line number="272" hits="0"/>
            <line number="274" hits="0"/>
            <line number="277" hits="0"/>
            <line number="278" hits="0"/>
            <line number="280" hits="0"/>
            <line number="283" hits="0"/>
            <line number="284" hits="0"/>
            <line number="285" hits="0"/>
            <line number="286" hits="0"/>
            <line number="287" hits="0"/>
            <line number="288" hits="0"/>
            <line number="290" hits="0"/>
            <line number="291" hits="0"/>
            <line number="292" hits="0"/>
            <line number="293" hits="0"/>
            <line number="297" hits="0"/>
            <line number="298" hits="0"/>
            <line number="299" hits="0"/>
            <line number="300" hits="0"/>
            <line number="303" hits="0"/>
            <line number="304" hits="0"/>
            <line number="307" hits="0"/>
            <line number="308" hits="0"/>
            <line number="314" hits="0"/>
            <line number="315" hits="0"/>
            <line number="316" hits="0"/>
            <line number="317" hits="0"/>
            <line number="318" hits="0"/>
            <line number="322" hits="0"/>
            <line number="323" hits="0"/>
            <line number="324" hits="0"/>
            <line number="325" hits="0"/>
            <line number="339" hits="0"/>
            <line number="341" hits="0"/>
            <line number="343" hits="0"/>
            <line number="344" hits="0"/>
            <line number="347" hits="0"/>
            <line number="349" hits="0"/>
            <line number="350" hits="0"/>
            <line number="351" hits="0"/>
            <line number="355" hits="0"/>
            <line number="356" hits="0"/>
            <line number="357" hits="0"/>
            <line number="360" hits="0"/>
            <line number="361" hits="0"/>
            <line number="362" hits="0"/>
            <line number="363" hits="0"/>
            <line number="365" hits="0"/>
          </lines>
        </class>
      </classes>
    </package>
    <package name="vendor/gammamatrix/playground-auth/src/Permission.php" line-rate="0.71428571428571" branch-rate="0" complexity="5">
      <classes>
        <class name="Playground\Auth\Permission" filename="vendor/gammamatrix/playground-auth/src/Permission.php" line-rate="0.71428571428571" branch-rate="0" complexity="5">
          <methods>
            <method name="__construct" signature="string $verify" line-rate="1" branch-rate="0" complexity="1">
              <lines>
                <line number="22" hits="1"/>
              </lines>
            </method>
            <method name="markAllowed" signature="" line-rate="0" branch-rate="0" complexity="1">
              <lines>
                <line number="27" hits="0"/>
                <line number="29" hits="0"/>
              </lines>
            </method>
            <method name="markIsGuest" signature="" line-rate="1" branch-rate="0" complexity="1">
              <lines>
                <line number="34" hits="1"/>
                <line number="36" hits="1"/>
              </lines>
            </method>
            <method name="allowed" signature="" line-rate="1" branch-rate="0" complexity="1">
              <lines>
                <line number="41" hits="1"/>
              </lines>
            </method>
            <method name="isGuest" signature="" line-rate="1" branch-rate="0" complexity="1">
              <lines>
                <line number="46" hits="1"/>
              </lines>
            </method>
          </methods>
          <lines>
            <line number="22" hits="1"/>
            <line number="27" hits="0"/>
            <line number="29" hits="0"/>
            <line number="34" hits="1"/>
            <line number="36" hits="1"/>
            <line number="41" hits="1"/>
            <line number="46" hits="1"/>
          </lines>
        </class>
      </classes>
    </package>
    <package name="vendor/gammamatrix/playground-auth/src/Policies/Contracts/Role.php" line-rate="0" branch-rate="0" complexity="0">
      <classes/>
    </package>
    <package name="vendor/gammamatrix/playground-auth/src/Policies/ModelPolicy.php" line-rate="1" branch-rate="0" complexity="13">
      <classes>
        <class name="Playground\Auth\Policies\ModelPolicy" filename="vendor/gammamatrix/playground-auth/src/Policies/ModelPolicy.php" line-rate="1" branch-rate="0" complexity="13">
          <methods>
            <method name="create" signature="Illuminate\Contracts\Auth\Authenticatable $user" line-rate="1" branch-rate="0" complexity="1">
              <lines>
                <line number="22" hits="2"/>
              </lines>
            </method>
            <method name="delete" signature="Illuminate\Contracts\Auth\Authenticatable $user, Illuminate\Database\Eloquent\Model $model" line-rate="1" branch-rate="0" complexity="2">
              <lines>
                <line number="36" hits="3"/>
                <line number="38" hits="1"/>
                <line number="39" hits="1"/>
                <line number="40" hits="1"/>
                <line number="41" hits="1"/>
                <line number="44" hits="2"/>
              </lines>
            </method>
            <method name="detail" signature="Illuminate\Contracts\Auth\Authenticatable $user, Illuminate\Database\Eloquent\Model $model" line-rate="1" branch-rate="0" complexity="1">
              <lines>
                <line number="52" hits="2"/>
              </lines>
            </method>
            <method name="edit" signature="Illuminate\Contracts\Auth\Authenticatable $user, Illuminate\Database\Eloquent\Model $model" line-rate="1" branch-rate="0" complexity="1">
              <lines>
                <line number="60" hits="2"/>
              </lines>
            </method>
            <method name="forceDelete" signature="Illuminate\Contracts\Auth\Authenticatable $user, Illuminate\Database\Eloquent\Model $model" line-rate="1" branch-rate="0" complexity="1">
              <lines>
                <line number="70" hits="2"/>
              </lines>
            </method>
            <method name="lock" signature="Illuminate\Contracts\Auth\Authenticatable $user, Illuminate\Database\Eloquent\Model $model" line-rate="1" branch-rate="0" complexity="1">
              <lines>
                <line number="78" hits="2"/>
              </lines>
            </method>
            <method name="manage" signature="Illuminate\Contracts\Auth\Authenticatable $user, Illuminate\Database\Eloquent\Model $model" line-rate="1" branch-rate="0" complexity="1">
              <lines>
                <line number="86" hits="2"/>
              </lines>
            </method>
            <method name="restore" signature="Illuminate\Contracts\Auth\Authenticatable $user, Illuminate\Database\Eloquent\Model $model" line-rate="1" branch-rate="0" complexity="1">
              <lines>
                <line number="94" hits="2"/>
              </lines>
            </method>
            <method name="store" signature="Illuminate\Contracts\Auth\Authenticatable $user" line-rate="1" branch-rate="0" complexity="1">
              <lines>
                <line number="102" hits="2"/>
              </lines>
            </method>
            <method name="update" signature="Illuminate\Contracts\Auth\Authenticatable $user, Illuminate\Database\Eloquent\Model $model" line-rate="1" branch-rate="0" complexity="2">
              <lines>
                <line number="112" hits="3"/>
                <line number="114" hits="1"/>
                <line number="115" hits="1"/>
                <line number="116" hits="1"/>
                <line number="119" hits="2"/>
              </lines>
            </method>
            <method name="unlock" signature="Illuminate\Contracts\Auth\Authenticatable $user, Illuminate\Database\Eloquent\Model $model" line-rate="1" branch-rate="0" complexity="1">
              <lines>
                <line number="127" hits="2"/>
              </lines>
            </method>
          </methods>
          <lines>
            <line number="22" hits="2"/>
            <line number="36" hits="3"/>
            <line number="38" hits="1"/>
            <line number="39" hits="1"/>
            <line number="40" hits="1"/>
            <line number="41" hits="1"/>
            <line number="44" hits="2"/>
            <line number="52" hits="2"/>
            <line number="60" hits="2"/>
            <line number="70" hits="2"/>
            <line number="78" hits="2"/>
            <line number="86" hits="2"/>
            <line number="94" hits="2"/>
            <line number="102" hits="2"/>
            <line number="112" hits="3"/>
            <line number="114" hits="1"/>
            <line number="115" hits="1"/>
            <line number="116" hits="1"/>
            <line number="119" hits="2"/>
            <line number="127" hits="2"/>
          </lines>
        </class>
      </classes>
    </package>
    <package name="vendor/gammamatrix/playground-auth/src/Policies/Policy.php" line-rate="1" branch-rate="0" complexity="7">
      <classes>
        <class name="Playground\Auth\Policies\Policy" filename="vendor/gammamatrix/playground-auth/src/Policies/Policy.php" line-rate="1" branch-rate="0" complexity="7">
          <methods>
            <method name="before" signature="Illuminate\Contracts\Auth\Authenticatable $user, $ability" line-rate="1" branch-rate="0" complexity="5">
              <lines>
                <line number="35" hits="2"/>
                <line number="36" hits="2"/>
                <line number="39" hits="2"/>
                <line number="40" hits="2"/>
                <line number="59" hits="2"/>
                <line number="60" hits="1"/>
                <line number="63" hits="1"/>
              </lines>
            </method>
            <method name="index" signature="Illuminate\Contracts\Auth\Authenticatable $user" line-rate="1" branch-rate="0" complexity="1">
              <lines>
                <line number="91" hits="2"/>
              </lines>
            </method>
            <method name="view" signature="Illuminate\Contracts\Auth\Authenticatable $user" line-rate="1" branch-rate="0" complexity="1">
              <lines>
                <line number="102" hits="3"/>
              </lines>
            </method>
          </methods>
          <lines>
            <line number="35" hits="2"/>
            <line number="36" hits="2"/>
            <line number="39" hits="2"/>
            <line number="40" hits="2"/>
            <line number="59" hits="2"/>
            <line number="60" hits="1"/>
            <line number="63" hits="1"/>
            <line number="91" hits="2"/>
            <line number="102" hits="3"/>
          </lines>
        </class>
      </classes>
    </package>
    <package name="vendor/gammamatrix/playground-auth/src/Policies/PolicyTrait.php" line-rate="0.95652173913043" branch-rate="0" complexity="13">
      <classes>
        <class name="Playground\Auth\Policies\PolicyTrait" filename="vendor/gammamatrix/playground-auth/src/Policies/PolicyTrait.php" line-rate="0.95652173913043" branch-rate="0" complexity="13">
          <methods>
            <method name="getEntity" signature="" line-rate="1" branch-rate="0" complexity="1">
              <lines>
                <line number="36" hits="7"/>
              </lines>
            </method>
            <method name="getPackage" signature="" line-rate="1" branch-rate="0" complexity="1">
              <lines>
                <line number="41" hits="7"/>
              </lines>
            </method>
            <method name="hasToken" signature="" line-rate="1" branch-rate="0" complexity="1">
              <lines>
                <line number="46" hits="1"/>
              </lines>
            </method>
            <method name="getToken" signature="" line-rate="1" branch-rate="0" complexity="1">
              <lines>
                <line number="51" hits="1"/>
              </lines>
            </method>
            <method name="setToken" signature="Laravel\Sanctum\PersonalAccessToken $token" line-rate="1" branch-rate="0" complexity="1">
              <lines>
                <line number="56" hits="1"/>
                <line number="58" hits="1"/>
              </lines>
            </method>
            <method name="verify" signature="Illuminate\Contracts\Auth\Authenticatable $user, string $ability" line-rate="0.94117647058824" branch-rate="0" complexity="8">
              <lines>
                <line number="63" hits="33"/>
                <line number="70" hits="33"/>
                <line number="71" hits="1"/>
                <line number="72" hits="32"/>
                <line number="73" hits="28"/>
                <line number="74" hits="4"/>
                <line number="75" hits="0"/>
                <line number="76" hits="4"/>
                <line number="78" hits="1"/>
                <line number="81" hits="3"/>
                <line number="82" hits="1"/>
                <line number="83" hits="1"/>
                <line number="84" hits="1"/>
                <line number="85" hits="1"/>
                <line number="86" hits="1"/>
                <line number="87" hits="1"/>
                <line number="90" hits="3"/>
              </lines>
            </method>
          </methods>
          <lines>
            <line number="36" hits="7"/>
            <line number="41" hits="7"/>
            <line number="46" hits="1"/>
            <line number="51" hits="1"/>
            <line number="56" hits="1"/>
            <line number="58" hits="1"/>
            <line number="63" hits="33"/>
            <line number="70" hits="33"/>
            <line number="71" hits="1"/>
            <line number="72" hits="32"/>
            <line number="73" hits="28"/>
            <line number="74" hits="4"/>
            <line number="75" hits="0"/>
            <line number="76" hits="4"/>
            <line number="78" hits="1"/>
            <line number="81" hits="3"/>
            <line number="82" hits="1"/>
            <line number="83" hits="1"/>
            <line number="84" hits="1"/>
            <line number="85" hits="1"/>
            <line number="86" hits="1"/>
            <line number="87" hits="1"/>
            <line number="90" hits="3"/>
          </lines>
        </class>
      </classes>
    </package>
    <package name="vendor/gammamatrix/playground-auth/src/Policies/PrivilegeTrait.php" line-rate="0.47058823529412" branch-rate="0" complexity="27">
      <classes>
        <class name="Playground\Auth\Policies\PrivilegeTrait" filename="vendor/gammamatrix/playground-auth/src/Policies/PrivilegeTrait.php" line-rate="0.47058823529412" branch-rate="0" complexity="27">
          <methods>
            <method name="privilege" signature="string $ability" line-rate="1" branch-rate="0" complexity="6">
              <lines>
                <line number="29" hits="6"/>
                <line number="30" hits="6"/>
                <line number="31" hits="3"/>
                <line number="34" hits="6"/>
                <line number="35" hits="3"/>
                <line number="36" hits="3"/>
                <line number="38" hits="3"/>
                <line number="41" hits="6"/>
                <line number="42" hits="6"/>
                <line number="43" hits="3"/>
                <line number="45" hits="6"/>
                <line number="48" hits="6"/>
              </lines>
            </method>
            <method name="hasPrivilegeWildcard" signature="string $privilege" line-rate="0" branch-rate="0" complexity="4">
              <lines>
                <line number="53" hits="0"/>
                <line number="54" hits="0"/>
                <line number="55" hits="0"/>
                <line number="56" hits="0"/>
                <line number="58" hits="0"/>
                <line number="59" hits="0"/>
                <line number="60" hits="0"/>
                <line number="64" hits="0"/>
              </lines>
            </method>
            <method name="hasPrivilege" signature="Illuminate\Contracts\Auth\Authenticatable $user, string $privilege" line-rate="0.92307692307692" branch-rate="0" complexity="10">
              <lines>
                <line number="69" hits="5"/>
                <line number="70" hits="1"/>
                <line number="73" hits="4"/>
                <line number="75" hits="1"/>
                <line number="76" hits="0"/>
                <line number="78" hits="1"/>
                <line number="82" hits="3"/>
                <line number="83" hits="1"/>
                <line number="86" hits="2"/>
                <line number="87" hits="1"/>
                <line number="88" hits="1"/>
                <line number="89" hits="1"/>
                <line number="93" hits="1"/>
              </lines>
            </method>
            <method name="hasPrivilegeSanctum" signature="Laravel\Sanctum\Contracts\HasApiTokens $user, string $privilege" line-rate="0" branch-rate="0" complexity="7">
              <lines>
                <line number="98" hits="0"/>
                <line number="99" hits="0"/>
                <line number="102" hits="0"/>
                <line number="106" hits="0"/>
                <line number="107" hits="0"/>
                <line number="108" hits="0"/>
                <line number="109" hits="0"/>
                <line number="110" hits="0"/>
                <line number="112" hits="0"/>
                <line number="113" hits="0"/>
                <line number="114" hits="0"/>
                <line number="116" hits="0"/>
                <line number="120" hits="0"/>
                <line number="121" hits="0"/>
                <line number="124" hits="0"/>
                <line number="126" hits="0"/>
                <line number="127" hits="0"/>
                <line number="137" hits="0"/>
              </lines>
            </method>
          </methods>
          <lines>
            <line number="29" hits="6"/>
            <line number="30" hits="6"/>
            <line number="31" hits="3"/>
            <line number="34" hits="6"/>
            <line number="35" hits="3"/>
            <line number="36" hits="3"/>
            <line number="38" hits="3"/>
            <line number="41" hits="6"/>
            <line number="42" hits="6"/>
            <line number="43" hits="3"/>
            <line number="45" hits="6"/>
            <line number="48" hits="6"/>
            <line number="53" hits="0"/>
            <line number="54" hits="0"/>
            <line number="55" hits="0"/>
            <line number="56" hits="0"/>
            <line number="58" hits="0"/>
            <line number="59" hits="0"/>
            <line number="60" hits="0"/>
            <line number="64" hits="0"/>
            <line number="69" hits="5"/>
            <line number="70" hits="1"/>
            <line number="73" hits="4"/>
            <line number="75" hits="1"/>
            <line number="76" hits="0"/>
            <line number="78" hits="1"/>
            <line number="82" hits="3"/>
            <line number="83" hits="1"/>
            <line number="86" hits="2"/>
            <line number="87" hits="1"/>
            <line number="88" hits="1"/>
            <line number="89" hits="1"/>
            <line number="93" hits="1"/>
            <line number="98" hits="0"/>
            <line number="99" hits="0"/>
            <line number="102" hits="0"/>
            <line number="106" hits="0"/>
            <line number="107" hits="0"/>
            <line number="108" hits="0"/>
            <line number="109" hits="0"/>
            <line number="110" hits="0"/>
            <line number="112" hits="0"/>
            <line number="113" hits="0"/>
            <line number="114" hits="0"/>
            <line number="116" hits="0"/>
            <line number="120" hits="0"/>
            <line number="121" hits="0"/>
            <line number="124" hits="0"/>
            <line number="126" hits="0"/>
            <line number="127" hits="0"/>
            <line number="137" hits="0"/>
          </lines>
        </class>
      </classes>
    </package>
    <package name="vendor/gammamatrix/playground-auth/src/Policies/RoleTrait.php" line-rate="1" branch-rate="0" complexity="23">
      <classes>
        <class name="Playground\Auth\Policies\RoleTrait" filename="vendor/gammamatrix/playground-auth/src/Policies/RoleTrait.php" line-rate="1" branch-rate="0" complexity="23">
          <methods>
            <method name="getRolesForAdmin" signature="" line-rate="1" branch-rate="0" complexity="1">
              <lines>
                <line number="49" hits="12"/>
              </lines>
            </method>
            <method name="getRolesForAction" signature="" line-rate="1" branch-rate="0" complexity="1">
              <lines>
                <line number="59" hits="12"/>
              </lines>
            </method>
            <method name="isRoot" signature="Illuminate\Contracts\Auth\Authenticatable $user" line-rate="1" branch-rate="0" complexity="2">
              <lines>
                <line number="64" hits="2"/>
                <line number="66" hits="2"/>
                <line number="67" hits="2"/>
                <line number="70" hits="2"/>
              </lines>
            </method>
            <method name="getRolesToView" signature="" line-rate="1" branch-rate="0" complexity="1">
              <lines>
                <line number="80" hits="9"/>
              </lines>
            </method>
            <method name="hasRole" signature="Illuminate\Contracts\Auth\Authenticatable $user, string $ability" line-rate="1" branch-rate="0" complexity="18">
              <lines>
                <line number="85" hits="30"/>
                <line number="86" hits="30"/>
                <line number="87" hits="30"/>
                <line number="88" hits="30"/>
                <line number="89" hits="30"/>
                <line number="90" hits="30"/>
                <line number="91" hits="30"/>
                <line number="92" hits="8"/>
                <line number="93" hits="22"/>
                <line number="94" hits="22"/>
                <line number="95" hits="22"/>
                <line number="96" hits="22"/>
                <line number="97" hits="22"/>
                <line number="98" hits="22"/>
                <line number="99" hits="22"/>
                <line number="100" hits="11"/>
                <line number="101" hits="11"/>
                <line number="102" hits="11"/>
                <line number="103" hits="11"/>
                <line number="104" hits="11"/>
                <line number="105" hits="11"/>
                <line number="106" hits="11"/>
                <line number="107" hits="11"/>
                <line number="108" hits="10"/>
                <line number="110" hits="1"/>
                <line number="115" hits="30"/>
                <line number="117" hits="22"/>
                <line number="118" hits="22"/>
                <line number="119" hits="11"/>
                <line number="124" hits="19"/>
                <line number="126" hits="5"/>
                <line number="127" hits="5"/>
                <line number="128" hits="2"/>
                <line number="133" hits="17"/>
                <line number="134" hits="14"/>
                <line number="135" hits="14"/>
                <line number="136" hits="14"/>
                <line number="138" hits="1"/>
                <line number="139" hits="1"/>
                <line number="140" hits="1"/>
                <line number="155" hits="16"/>
              </lines>
            </method>
          </methods>
          <lines>
            <line number="49" hits="12"/>
            <line number="59" hits="12"/>
            <line number="64" hits="2"/>
            <line number="66" hits="2"/>
            <line number="67" hits="2"/>
            <line number="70" hits="2"/>
            <line number="80" hits="9"/>
            <line number="85" hits="30"/>
            <line number="86" hits="30"/>
            <line number="87" hits="30"/>
            <line number="88" hits="30"/>
            <line number="89" hits="30"/>
            <line number="90" hits="30"/>
            <line number="91" hits="30"/>
            <line number="92" hits="8"/>
            <line number="93" hits="22"/>
            <line number="94" hits="22"/>
            <line number="95" hits="22"/>
            <line number="96" hits="22"/>
            <line number="97" hits="22"/>
            <line number="98" hits="22"/>
            <line number="99" hits="22"/>
            <line number="100" hits="11"/>
            <line number="101" hits="11"/>
            <line number="102" hits="11"/>
            <line number="103" hits="11"/>
            <line number="104" hits="11"/>
            <line number="105" hits="11"/>
            <line number="106" hits="11"/>
            <line number="107" hits="11"/>
            <line number="108" hits="10"/>
            <line number="110" hits="1"/>
            <line number="115" hits="30"/>
            <line number="117" hits="22"/>
            <line number="118" hits="22"/>
            <line number="119" hits="11"/>
            <line number="124" hits="19"/>
            <line number="126" hits="5"/>
            <line number="127" hits="5"/>
            <line number="128" hits="2"/>
            <line number="133" hits="17"/>
            <line number="134" hits="14"/>
            <line number="135" hits="14"/>
            <line number="136" hits="14"/>
            <line number="138" hits="1"/>
            <line number="139" hits="1"/>
            <line number="140" hits="1"/>
            <line number="155" hits="16"/>
          </lines>
        </class>
      </classes>
    </package>
    <package name="vendor/gammamatrix/playground-auth/src/ServiceProvider.php" line-rate="0.94186046511628" branch-rate="0" complexity="54">
      <classes>
        <class name="Playground\Auth\ServiceProvider" filename="vendor/gammamatrix/playground-auth/src/ServiceProvider.php" line-rate="0.94186046511628" branch-rate="0" complexity="54">
          <methods>
            <method name="boot" signature="" line-rate="1" branch-rate="0" complexity="6">
              <lines>
                <line number="30" hits="80"/>
                <line number="32" hits="80"/>
                <line number="34" hits="80"/>
                <line number="35" hits="80"/>
                <line number="36" hits="80"/>
                <line number="37" hits="80"/>
                <line number="38" hits="80"/>
                <line number="41" hits="80"/>
                <line number="42" hits="80"/>
                <line number="43" hits="80"/>
                <line number="44" hits="80"/>
                <line number="45" hits="80"/>
                <line number="49" hits="80"/>
                <line number="50" hits="80"/>
                <line number="51" hits="80"/>
                <line number="55" hits="80"/>
              </lines>
            </method>
            <method name="register" signature="" line-rate="1" branch-rate="0" complexity="1">
              <lines>
                <line number="63" hits="80"/>
                <line number="64" hits="80"/>
                <line number="65" hits="80"/>
                <line number="66" hits="80"/>
                <line number="68" hits="80"/>
                <line number="69" hits="1"/>
                <line number="70" hits="80"/>
              </lines>
            </method>
            <method name="about" signature="" line-rate="0.91935483870968" branch-rate="0" complexity="46">
              <lines>
                <line number="75" hits="80"/>
                <line number="76" hits="80"/>
                <line number="78" hits="80"/>
                <line number="79" hits="80"/>
                <line number="81" hits="80"/>
                <line number="82" hits="80"/>
                <line number="83" hits="0"/>
                <line number="86" hits="80"/>
                <line number="87" hits="80"/>
                <line number="88" hits="0"/>
                <line number="91" hits="80"/>
                <line number="92" hits="80"/>
                <line number="93" hits="80"/>
                <line number="94" hits="80"/>
                <line number="95" hits="80"/>
                <line number="96" hits="80"/>
                <line number="97" hits="80"/>
                <line number="98" hits="80"/>
                <line number="99" hits="80"/>
                <line number="100" hits="80"/>
                <line number="102" hits="80"/>
                <line number="104" hits="80"/>
                <line number="105" hits="80"/>
                <line number="106" hits="80"/>
                <line number="107" hits="80"/>
                <line number="111" hits="80"/>
                <line number="112" hits="80"/>
                <line number="113" hits="80"/>
                <line number="114" hits="0"/>
                <line number="118" hits="80"/>
                <line number="119" hits="80"/>
                <line number="120" hits="80"/>
                <line number="121" hits="0"/>
                <line number="125" hits="80"/>
                <line number="126" hits="80"/>
                <line number="127" hits="80"/>
                <line number="128" hits="0"/>
                <line number="132" hits="80"/>
                <line number="133" hits="80"/>
                <line number="134" hits="80"/>
                <line number="135" hits="80"/>
                <line number="140" hits="80"/>
                <line number="142" hits="80"/>
                <line number="143" hits="80"/>
                <line number="144" hits="80"/>
                <line number="146" hits="80"/>
                <line number="148" hits="80"/>
                <line number="149" hits="80"/>
                <line number="150" hits="80"/>
                <line number="151" hits="80"/>
                <line number="152" hits="80"/>
                <line number="153" hits="80"/>
                <line number="154" hits="80"/>
                <line number="155" hits="80"/>
                <line number="157" hits="80"/>
                <line number="158" hits="80"/>
                <line number="159" hits="80"/>
                <line number="160" hits="80"/>
                <line number="161" hits="80"/>
                <line number="163" hits="80"/>
                <line number="164" hits="80"/>
                <line number="165" hits="80"/>
              </lines>
            </method>
            <method name="version" signature="" line-rate="1" branch-rate="0" complexity="1">
              <lines>
                <line number="170" hits="80"/>
              </lines>
            </method>
          </methods>
          <lines>
            <line number="30" hits="80"/>
            <line number="32" hits="80"/>
            <line number="34" hits="80"/>
            <line number="35" hits="80"/>
            <line number="36" hits="80"/>
            <line number="37" hits="80"/>
            <line number="38" hits="80"/>
            <line number="41" hits="80"/>
            <line number="42" hits="80"/>
            <line number="43" hits="80"/>
            <line number="44" hits="80"/>
            <line number="45" hits="80"/>
            <line number="49" hits="80"/>
            <line number="50" hits="80"/>
            <line number="51" hits="80"/>
            <line number="55" hits="80"/>
            <line number="63" hits="80"/>
            <line number="64" hits="80"/>
            <line number="65" hits="80"/>
            <line number="66" hits="80"/>
            <line number="68" hits="80"/>
            <line number="69" hits="1"/>
            <line number="70" hits="80"/>
            <line number="75" hits="80"/>
            <line number="76" hits="80"/>
            <line number="78" hits="80"/>
            <line number="79" hits="80"/>
            <line number="81" hits="80"/>
            <line number="82" hits="80"/>
            <line number="83" hits="0"/>
            <line number="86" hits="80"/>
            <line number="87" hits="80"/>
            <line number="88" hits="0"/>
            <line number="91" hits="80"/>
            <line number="92" hits="80"/>
            <line number="93" hits="80"/>
            <line number="94" hits="80"/>
            <line number="95" hits="80"/>
            <line number="96" hits="80"/>
            <line number="97" hits="80"/>
            <line number="98" hits="80"/>
            <line number="99" hits="80"/>
            <line number="100" hits="80"/>
            <line number="102" hits="80"/>
            <line number="104" hits="80"/>
            <line number="105" hits="80"/>
            <line number="106" hits="80"/>
            <line number="107" hits="80"/>
            <line number="111" hits="80"/>
            <line number="112" hits="80"/>
            <line number="113" hits="80"/>
            <line number="114" hits="0"/>
            <line number="118" hits="80"/>
            <line number="119" hits="80"/>
            <line number="120" hits="80"/>
            <line number="121" hits="0"/>
            <line number="125" hits="80"/>
            <line number="126" hits="80"/>
            <line number="127" hits="80"/>
            <line number="128" hits="0"/>
            <line number="132" hits="80"/>
            <line number="133" hits="80"/>
            <line number="134" hits="80"/>
            <line number="135" hits="80"/>
            <line number="140" hits="80"/>
            <line number="142" hits="80"/>
            <line number="143" hits="80"/>
            <line number="144" hits="80"/>
            <line number="146" hits="80"/>
            <line number="148" hits="80"/>
            <line number="149" hits="80"/>
            <line number="150" hits="80"/>
            <line number="151" hits="80"/>
            <line number="152" hits="80"/>
            <line number="153" hits="80"/>
            <line number="154" hits="80"/>
            <line number="155" hits="80"/>
            <line number="157" hits="80"/>
            <line number="158" hits="80"/>
            <line number="159" hits="80"/>
            <line number="160" hits="80"/>
            <line number="161" hits="80"/>
            <line number="163" hits="80"/>
            <line number="164" hits="80"/>
            <line number="165" hits="80"/>
            <line number="170" hits="80"/>
          </lines>
        </class>
      </classes>
    </package>
[...]
                <line number="64" hits="1"/>
                <line number="66" hits="5"/>
                <line number="67" hits="1"/>
                <line number="68" hits="1"/>
                <line number="70" hits="4"/>
                <line number="71" hits="2"/>
                <line number="72" hits="2"/>
                <line number="74" hits="2"/>
                <line number="75" hits="2"/>
                <line number="76" hits="1"/>
                <line number="81" hits="5"/>
                <line number="82" hits="4"/>
                <line number="95" hits="9"/>
              </lines>
            </method>
          </methods>
          <lines>
            <line number="24" hits="11"/>
            <line number="25" hits="2"/>
            <line number="28" hits="9"/>
            <line number="30" hits="9"/>
            <line number="32" hits="9"/>
            <line number="33" hits="9"/>
            <line number="34" hits="9"/>
            <line number="35" hits="9"/>
            <line number="36" hits="9"/>
            <line number="38" hits="8"/>
            <line number="41" hits="8"/>
            <line number="42" hits="8"/>
            <line number="43" hits="8"/>
            <line number="44" hits="8"/>
            <line number="46" hits="5"/>
            <line number="49" hits="8"/>
            <line number="51" hits="2"/>
            <line number="52" hits="7"/>
            <line number="53" hits="7"/>
            <line number="56" hits="3"/>
            <line number="57" hits="5"/>
            <line number="59" hits="5"/>
            <line number="61" hits="5"/>
            <line number="62" hits="5"/>
            <line number="64" hits="1"/>
            <line number="66" hits="5"/>
            <line number="67" hits="1"/>
            <line number="68" hits="1"/>
            <line number="70" hits="4"/>
            <line number="71" hits="2"/>
            <line number="72" hits="2"/>
            <line number="74" hits="2"/>
            <line number="75" hits="2"/>
            <line number="76" hits="1"/>
            <line number="81" hits="5"/>
            <line number="82" hits="4"/>
            <line number="95" hits="9"/>
          </lines>
        </class>
      </classes>
    </package>
    <package name="vendor/gammamatrix/playground/src/Models/Traits/ScopeFilterTrash.php" line-rate="1" branch-rate="0" complexity="7">
      <classes>
        <class name="Playground\Models\Traits\ScopeFilterTrash" filename="vendor/gammamatrix/playground/src/Models/Traits/ScopeFilterTrash.php" line-rate="1" branch-rate="0" complexity="7">
          <methods>
            <method name="scopeFilterTrash" signature="Illuminate\Database\Eloquent\Builder $query, string $visibility" line-rate="1" branch-rate="0" complexity="7">
              <lines>
                <line number="18" hits="3"/>
                <line number="19" hits="3"/>
                <line number="21" hits="1"/>
                <line number="22" hits="2"/>
                <line number="23" hits="2"/>
                <line number="25" hits="1"/>
                <line number="28" hits="3"/>
              </lines>
            </method>
          </methods>
          <lines>
            <line number="18" hits="3"/>
            <line number="19" hits="3"/>
            <line number="21" hits="1"/>
            <line number="22" hits="2"/>
            <line number="23" hits="2"/>
            <line number="25" hits="1"/>
            <line number="28" hits="3"/>
          </lines>
        </class>
      </classes>
    </package>
    <package name="vendor/gammamatrix/playground/src/Models/Traits/ScopeSort.php" line-rate="1" branch-rate="0" complexity="16">
      <classes>
        <class name="Playground\Models\Traits\ScopeSort" filename="vendor/gammamatrix/playground/src/Models/Traits/ScopeSort.php" line-rate="1" branch-rate="0" complexity="16">
          <methods>
            <method name="scopeSort" signature="Illuminate\Database\Eloquent\Builder $query, mixed $sort" line-rate="1" branch-rate="0" complexity="16">
              <lines>
                <line number="18" hits="11"/>
                <line number="19" hits="1"/>
                <line number="22" hits="10"/>
                <line number="24" hits="10"/>
                <line number="26" hits="10"/>
                <line number="27" hits="2"/>
                <line number="30" hits="10"/>
                <line number="31" hits="10"/>
                <line number="32" hits="10"/>
                <line number="33" hits="10"/>
                <line number="34" hits="2"/>
                <line number="35" hits="2"/>
                <line number="36" hits="8"/>
                <line number="37" hits="2"/>
                <line number="38" hits="2"/>
                <line number="39" hits="6"/>
                <line number="40" hits="4"/>
                <line number="41" hits="4"/>
                <line number="43" hits="2"/>
                <line number="44" hits="2"/>
                <line number="45" hits="2"/>
                <line number="47" hits="2"/>
                <line number="51" hits="10"/>
                <line number="52" hits="10"/>
                <line number="53" hits="10"/>
                <line number="55" hits="10"/>
                <line number="56" hits="10"/>
                <line number="61" hits="10"/>
              </lines>
            </method>
          </methods>
          <lines>
            <line number="18" hits="11"/>
            <line number="19" hits="1"/>
            <line number="22" hits="10"/>
            <line number="24" hits="10"/>
            <line number="26" hits="10"/>
            <line number="27" hits="2"/>
            <line number="30" hits="10"/>
            <line number="31" hits="10"/>
            <line number="32" hits="10"/>
            <line number="33" hits="10"/>
            <line number="34" hits="2"/>
            <line number="35" hits="2"/>
            <line number="36" hits="8"/>
            <line number="37" hits="2"/>
            <line number="38" hits="2"/>
            <line number="39" hits="6"/>
            <line number="40" hits="4"/>
            <line number="41" hits="4"/>
            <line number="43" hits="2"/>
            <line number="44" hits="2"/>
            <line number="45" hits="2"/>
            <line number="47" hits="2"/>
            <line number="51" hits="10"/>
            <line number="52" hits="10"/>
            <line number="53" hits="10"/>
            <line number="55" hits="10"/>
            <line number="56" hits="10"/>
            <line number="61" hits="10"/>
          </lines>
        </class>
      </classes>
    </package>
    <package name="vendor/gammamatrix/playground/src/Models/Traits/WithChildren.php" line-rate="1" branch-rate="0" complexity="1">
      <classes>
        <class name="Playground\Models\Traits\WithChildren" filename="vendor/gammamatrix/playground/src/Models/Traits/WithChildren.php" line-rate="1" branch-rate="0" complexity="1">
          <methods>
            <method name="children" signature="" line-rate="1" branch-rate="0" complexity="1">
              <lines>
                <line number="19" hits="1"/>
                <line number="20" hits="1"/>
                <line number="21" hits="1"/>
                <line number="22" hits="1"/>
                <line number="23" hits="1"/>
              </lines>
            </method>
          </methods>
          <lines>
            <line number="19" hits="1"/>
            <line number="20" hits="1"/>
            <line number="21" hits="1"/>
            <line number="22" hits="1"/>
            <line number="23" hits="1"/>
          </lines>
        </class>
      </classes>
    </package>
    <package name="vendor/gammamatrix/playground/src/Models/Traits/WithCreator.php" line-rate="1" branch-rate="0" complexity="1">
      <classes>
        <class name="Playground\Models\Traits\WithCreator" filename="vendor/gammamatrix/playground/src/Models/Traits/WithCreator.php" line-rate="1" branch-rate="0" complexity="1">
          <methods>
            <method name="creator" signature="" line-rate="1" branch-rate="0" complexity="1">
              <lines>
                <line number="22" hits="2"/>
                <line number="24" hits="2"/>
              </lines>
            </method>
          </methods>
          <lines>
            <line number="22" hits="2"/>
            <line number="24" hits="2"/>
          </lines>
        </class>
      </classes>
    </package>
    <package name="vendor/gammamatrix/playground/src/Models/Traits/WithModifier.php" line-rate="1" branch-rate="0" complexity="1">
      <classes>
        <class name="Playground\Models\Traits\WithModifier" filename="vendor/gammamatrix/playground/src/Models/Traits/WithModifier.php" line-rate="1" branch-rate="0" complexity="1">
          <methods>
            <method name="modifier" signature="" line-rate="1" branch-rate="0" complexity="1">
              <lines>
                <line number="22" hits="2"/>
                <line number="24" hits="2"/>
              </lines>
            </method>
          </methods>
          <lines>
            <line number="22" hits="2"/>
            <line number="24" hits="2"/>
          </lines>
        </class>
      </classes>
    </package>
    <package name="vendor/gammamatrix/playground/src/Models/Traits/WithOwner.php" line-rate="1" branch-rate="0" complexity="1">
      <classes>
        <class name="Playground\Models\Traits\WithOwner" filename="vendor/gammamatrix/playground/src/Models/Traits/WithOwner.php" line-rate="1" branch-rate="0" complexity="1">
          <methods>
            <method name="owner" signature="" line-rate="1" branch-rate="0" complexity="1">
              <lines>
                <line number="22" hits="1"/>
                <line number="24" hits="1"/>
              </lines>
            </method>
          </methods>
          <lines>
            <line number="22" hits="1"/>
            <line number="24" hits="1"/>
          </lines>
        </class>
      </classes>
    </package>
    <package name="vendor/gammamatrix/playground/src/Models/Traits/WithParent.php" line-rate="1" branch-rate="0" complexity="1">
      <classes>
        <class name="Playground\Models\Traits\WithParent" filename="vendor/gammamatrix/playground/src/Models/Traits/WithParent.php" line-rate="1" branch-rate="0" complexity="1">
          <methods>
            <method name="parent" signature="" line-rate="1" branch-rate="0" complexity="1">
              <lines>
                <line number="19" hits="1"/>
                <line number="20" hits="1"/>
                <line number="21" hits="1"/>
                <line number="22" hits="1"/>
                <line number="23" hits="1"/>
              </lines>
            </method>
          </methods>
          <lines>
            <line number="19" hits="1"/>
            <line number="20" hits="1"/>
            <line number="21" hits="1"/>
            <line number="22" hits="1"/>
            <line number="23" hits="1"/>
          </lines>
        </class>
      </classes>
    </package>
    <package name="vendor/gammamatrix/playground/src/Models/User.php" line-rate="0" branch-rate="0" complexity="0">
      <classes>
        <class name="Playground\Models\User" filename="vendor/gammamatrix/playground/src/Models/User.php" line-rate="0" branch-rate="0" complexity="0">
          <methods/>
          <lines/>
        </class>
      </classes>
    </package>
    <package name="vendor/gammamatrix/playground/src/Models/UuidModel.php" line-rate="0" branch-rate="0" complexity="0">
      <classes>
        <class name="Playground\Models\UuidModel" filename="vendor/gammamatrix/playground/src/Models/UuidModel.php" line-rate="0" branch-rate="0" complexity="0">
          <methods/>
          <lines/>
        </class>
      </classes>
    </package>
    <package name="vendor/gammamatrix/playground/src/ServiceProvider.php" line-rate="1" branch-rate="0" complexity="37">
      <classes>
        <class name="Playground\ServiceProvider" filename="vendor/gammamatrix/playground/src/ServiceProvider.php" line-rate="1" branch-rate="0" complexity="37">
          <methods>
            <method name="boot" signature="" line-rate="1" branch-rate="0" complexity="4">
              <lines>
                <line number="24" hits="151"/>
                <line number="26" hits="151"/>
                <line number="32" hits="2"/>
                <line number="34" hits="2"/>
                <line number="35" hits="2"/>
                <line number="36" hits="2"/>
                <line number="41" hits="151"/>
              </lines>
            </method>
            <method name="about" signature="array $config" line-rate="1" branch-rate="0" complexity="23">
              <lines>
                <line number="49" hits="151"/>
                <line number="51" hits="151"/>
                <line number="56" hits="151"/>
                <line number="58" hits="151"/>
                <line number="59" hits="151"/>
                <line number="60" hits="151"/>
                <line number="62" hits="151"/>
                <line number="63" hits="151"/>
                <line number="64" hits="151"/>
                <line number="65" hits="151"/>
                <line number="66" hits="151"/>
                <line number="68" hits="151"/>
                <line number="69" hits="151"/>
                <line number="71" hits="151"/>
                <line number="72" hits="151"/>
                <line number="74" hits="151"/>
                <line number="75" hits="151"/>
                <line number="77" hits="151"/>
                <line number="78" hits="151"/>
                <line number="80" hits="151"/>
                <line number="81" hits="151"/>
                <line number="83" hits="151"/>
                <line number="84" hits="151"/>
                <line number="86" hits="151"/>
                <line number="87" hits="151"/>
                <line number="89" hits="151"/>
                <line number="90" hits="151"/>
                <line number="91" hits="151"/>
                <line number="92" hits="151"/>
              </lines>
            </method>
            <method name="userPrimaryKeyType" signature="string $auth_providers_users_model" line-rate="1" branch-rate="0" complexity="4">
              <lines>
                <line number="101" hits="5"/>
                <line number="102" hits="1"/>
                <line number="105" hits="4"/>
                <line number="106" hits="1"/>
                <line number="107" hits="1"/>
                <line number="109" hits="1"/>
              </lines>
            </method>
            <method name="userPrimaryKeyTypeParse" signature="string $auth_providers_users_model" line-rate="1" branch-rate="0" complexity="4">
              <lines>
                <line number="156" hits="4"/>
                <line number="160" hits="4"/>
                <line number="162" hits="4"/>
                <line number="164" hits="4"/>
                <line number="165" hits="4"/>
                <line number="167" hits="4"/>
                <line number="168" hits="4"/>
                <line number="170" hits="4"/>
                <line number="172" hits="4"/>
                <line number="173" hits="4"/>
                <line number="175" hits="4"/>
                <line number="176" hits="4"/>
                <line number="178" hits="4"/>
                <line number="180" hits="4"/>
                <line number="181" hits="4"/>
                <line number="183" hits="4"/>
                <line number="184" hits="4"/>
                <line number="186" hits="4"/>
                <line number="187" hits="4"/>
                <line number="189" hits="4"/>
                <line number="190" hits="4"/>
                <line number="192" hits="4"/>
                <line number="193" hits="4"/>
                <line number="195" hits="1"/>
                <line number="196" hits="3"/>
                <line number="197" hits="2"/>
                <line number="200" hits="3"/>
              </lines>
            </method>
            <method name="register" signature="" line-rate="1" branch-rate="0" complexity="1">
              <lines>
                <line number="205" hits="151"/>
                <line number="206" hits="151"/>
                <line number="207" hits="151"/>
                <line number="208" hits="151"/>
              </lines>
            </method>
            <method name="version" signature="" line-rate="1" branch-rate="0" complexity="1">
              <lines>
                <line number="213" hits="151"/>
              </lines>
            </method>
          </methods>
          <lines>
            <line number="24" hits="151"/>
            <line number="26" hits="151"/>
            <line number="32" hits="2"/>
            <line number="34" hits="2"/>
            <line number="35" hits="2"/>
            <line number="36" hits="2"/>
            <line number="41" hits="151"/>
            <line number="49" hits="151"/>
            <line number="51" hits="151"/>
            <line number="56" hits="151"/>
            <line number="58" hits="151"/>
            <line number="59" hits="151"/>
            <line number="60" hits="151"/>
            <line number="62" hits="151"/>
            <line number="63" hits="151"/>
            <line number="64" hits="151"/>
            <line number="65" hits="151"/>
            <line number="66" hits="151"/>
            <line number="68" hits="151"/>
            <line number="69" hits="151"/>
            <line number="71" hits="151"/>
            <line number="72" hits="151"/>
            <line number="74" hits="151"/>
            <line number="75" hits="151"/>
            <line number="77" hits="151"/>
            <line number="78" hits="151"/>
            <line number="80" hits="151"/>
            <line number="81" hits="151"/>
            <line number="83" hits="151"/>
            <line number="84" hits="151"/>
            <line number="86" hits="151"/>
            <line number="87" hits="151"/>
            <line number="89" hits="151"/>
            <line number="90" hits="151"/>
            <line number="91" hits="151"/>
            <line number="92" hits="151"/>
            <line number="101" hits="5"/>
            <line number="102" hits="1"/>
            <line number="105" hits="4"/>
            <line number="106" hits="1"/>
            <line number="107" hits="1"/>
            <line number="109" hits="1"/>
            <line number="156" hits="4"/>
            <line number="160" hits="4"/>
            <line number="162" hits="4"/>
            <line number="164" hits="4"/>
            <line number="165" hits="4"/>
            <line number="167" hits="4"/>
            <line number="168" hits="4"/>
            <line number="170" hits="4"/>
            <line number="172" hits="4"/>
            <line number="173" hits="4"/>
            <line number="175" hits="4"/>
            <line number="176" hits="4"/>
            <line number="178" hits="4"/>
            <line number="180" hits="4"/>
            <line number="181" hits="4"/>
            <line number="183" hits="4"/>
            <line number="184" hits="4"/>
            <line number="186" hits="4"/>
            <line number="187" hits="4"/>
            <line number="189" hits="4"/>
            <line number="190" hits="4"/>
            <line number="192" hits="4"/>
            <line number="193" hits="4"/>
            <line number="195" hits="1"/>
            <line number="196" hits="3"/>
            <line number="197" hits="2"/>
            <line number="200" hits="3"/>
            <line number="205" hits="151"/>
            <line number="206" hits="151"/>
            <line number="207" hits="151"/>
            <line number="208" hits="151"/>
            <line number="213" hits="151"/>
          </lines>
        </class>
      </classes>
    </package>
  </packages>
</coverage>
